Calling target program-options parser
[18:26:19.359] [bmv2] [D] [thread 2890] Set default default entry for table 'MyIngress.switch_config_params': NoAction - 
[18:26:19.359] [bmv2] [D] [thread 2890] Set default default entry for table 'tbl_act': act_12 - 
[18:26:19.359] [bmv2] [D] [thread 2890] Set default default entry for table 'tbl_act_0': act_0 - 
[18:26:19.359] [bmv2] [D] [thread 2890] Set default default entry for table 'tbl_act_1': act - 
[18:26:19.359] [bmv2] [D] [thread 2890] Set default default entry for table 'tbl_act_2': act_1 - 
[18:26:19.359] [bmv2] [D] [thread 2890] Set default default entry for table 'tbl_act_3': act_10 - 
[18:26:19.359] [bmv2] [D] [thread 2890] Set default default entry for table 'tbl_act_4': act_2 - 
[18:26:19.359] [bmv2] [D] [thread 2890] Set default default entry for table 'tbl_act_5': act_3 - 
[18:26:19.359] [bmv2] [D] [thread 2890] Set default default entry for table 'tbl_act_6': act_4 - 
[18:26:19.359] [bmv2] [D] [thread 2890] Set default default entry for table 'tbl_act_7': act_5 - 
[18:26:19.359] [bmv2] [D] [thread 2890] Set default default entry for table 'tbl_act_8': act_6 - 
[18:26:19.359] [bmv2] [D] [thread 2890] Set default default entry for table 'tbl_act_9': act_7 - 
[18:26:19.359] [bmv2] [D] [thread 2890] Set default default entry for table 'tbl_act_10': act_8 - 
[18:26:19.359] [bmv2] [D] [thread 2890] Set default default entry for table 'tbl_act_11': act_9 - 
[18:26:19.359] [bmv2] [D] [thread 2890] Set default default entry for table 'tbl_act_12': act_11 - 
[18:26:19.359] [bmv2] [D] [thread 2890] Set default default entry for table 'tbl_act_13': act_13 - 
[18:26:19.359] [bmv2] [D] [thread 2890] Set default default entry for table 'MyIngress.output_tag_id_exact': MyIngress.drop - 
[18:26:19.359] [bmv2] [D] [thread 2890] Set default default entry for table 'tbl_unset_wecmp_header': MyIngress.unset_wecmp_header - 
[18:26:19.359] [bmv2] [D] [thread 2890] Set default default entry for table 'tbl_act_14': act_14 - 
[18:26:19.359] [bmv2] [D] [thread 2890] Set default default entry for table 'tbl_act_15': act_16 - 
[18:26:19.359] [bmv2] [D] [thread 2890] Set default default entry for table 'tbl_act_16': act_15 - 
[18:26:19.359] [bmv2] [D] [thread 2890] Set default default entry for table 'MyIngress.ipv4_lpm': MyIngress.drop - 
[18:26:19.359] [bmv2] [D] [thread 2890] Set default default entry for table 'tbl_record_bytes': MyIngress.record_bytes - 
Adding interface stor11-eth1 as port 1
[18:26:19.360] [bmv2] [D] [thread 2890] Adding interface stor11-eth1 as port 1
Adding interface stor11-eth2 as port 2
[18:26:19.395] [bmv2] [D] [thread 2890] Adding interface stor11-eth2 as port 2
Adding interface stor11-eth3 as port 3
[18:26:19.419] [bmv2] [D] [thread 2890] Adding interface stor11-eth3 as port 3
Adding interface stor11-eth4 as port 4
[18:26:19.443] [bmv2] [D] [thread 2890] Adding interface stor11-eth4 as port 4
Adding interface stor11-eth5 as port 5
[18:26:19.471] [bmv2] [D] [thread 2890] Adding interface stor11-eth5 as port 5
Adding interface stor11-eth6 as port 6
[18:26:19.504] [bmv2] [D] [thread 2890] Adding interface stor11-eth6 as port 6
I0516 18:26:19.522541573    2890 server_builder.cc:247]      Synchronous server. Num CQs: 1, Min pollers: 1, Max Pollers: 2147483647, CQ timeout (msec): 1000
Server listening on 0.0.0.0:50059
[18:26:19.531] [bmv2] [I] [thread 2890] Starting Thrift server on port 9098
[18:26:19.531] [bmv2] [I] [thread 2890] Thrift server was started
[18:26:20.909] [bmv2] [D] [thread 2897] [0.0] [cxt 0] Processing packet received on port 3
[18:26:20.909] [bmv2] [D] [thread 2897] [0.0] [cxt 0] Parser 'parser': start
[18:26:20.909] [bmv2] [D] [thread 2897] [0.0] [cxt 0] Parser 'parser' entering state 'start'
[18:26:20.909] [bmv2] [D] [thread 2897] [0.0] [cxt 0] Extracting header 'ethernet'
[18:26:20.909] [bmv2] [D] [thread 2897] [0.0] [cxt 0] Parser state 'start': key is 86dd
[18:26:20.909] [bmv2] [T] [thread 2897] [0.0] [cxt 0] Bytes parsed: 14
[18:26:20.909] [bmv2] [D] [thread 2897] [0.0] [cxt 0] Parser 'parser': end
[18:26:20.909] [bmv2] [D] [thread 2897] [0.0] [cxt 0] Pipeline 'ingress': start
[18:26:20.909] [bmv2] [T] [thread 2897] [0.0] [cxt 0] Applying table 'MyIngress.switch_config_params'
[18:26:20.909] [bmv2] [D] [thread 2897] [0.0] [cxt 0] Looking up key:

[18:26:20.909] [bmv2] [D] [thread 2897] [0.0] [cxt 0] Table 'MyIngress.switch_config_params': miss
[18:26:20.909] [bmv2] [D] [thread 2897] [0.0] [cxt 0] Action entry is NoAction - 
[18:26:20.909] [bmv2] [T] [thread 2897] [0.0] [cxt 0] Action NoAction
[18:26:20.909] [bmv2] [T] [thread 2897] [0.0] [cxt 0] load_balance.p4(369) Condition "hdr.wecmp.isValid()" (node_3) is false
[18:26:20.909] [bmv2] [T] [thread 2897] [0.0] [cxt 0] load_balance.p4(550) Condition "hdr.ipv4.isValid()" (node_34) is false
[18:26:20.909] [bmv2] [T] [thread 2897] [0.0] [cxt 0] Applying table 'tbl_record_bytes'
[18:26:20.909] [bmv2] [D] [thread 2897] [0.0] [cxt 0] Looking up key:

[18:26:20.909] [bmv2] [D] [thread 2897] [0.0] [cxt 0] Table 'tbl_record_bytes': miss
[18:26:20.909] [bmv2] [D] [thread 2897] [0.0] [cxt 0] Action entry is MyIngress.record_bytes - 
[18:26:20.909] [bmv2] [T] [thread 2897] [0.0] [cxt 0] Action MyIngress.record_bytes
[18:26:20.909] [bmv2] [T] [thread 2897] [0.0] [cxt 0] load_balance.p4(189) Primitive (bit<32>)standard_metadata.ingress_port
[18:26:20.909] [bmv2] [T] [thread 2897] [0.0] [cxt 0] load_balance.p4(189) Primitive byte_cnt_reg.read(byte_cnt, (bit<32>)standard_metadata.ingress_port)
[18:26:20.909] [bmv2] [E] [thread 2897] [0.0] [cxt 0] Attempted to read register 'MyIngress.byte_cnt_reg' with size 3 at out-of-bounds index 3.  Dest field was not updated.
[18:26:20.909] [bmv2] [T] [thread 2897] [0.0] [cxt 0] load_balance.p4(190) Primitive byte_cnt = byte_cnt + (bit<48>)standard_metadata.packet_length
[18:26:20.909] [bmv2] [T] [thread 2897] [0.0] [cxt 0] load_balance.p4(191) Primitive (bit<32>)standard_metadata.ingress_port
[18:26:20.909] [bmv2] [T] [thread 2897] [0.0] [cxt 0] load_balance.p4(191) Primitive byte_cnt_reg.write((bit<32>)standard_metadata.ingress_port, byte_cnt)
[18:26:20.909] [bmv2] [E] [thread 2897] [0.0] [cxt 0] Attempted to write register 'MyIngress.byte_cnt_reg' with size 3 at out-of-bounds index 3.  No register array elements were updated.
[18:26:20.909] [bmv2] [D] [thread 2897] [0.0] [cxt 0] Pipeline 'ingress': end
[18:26:20.909] [bmv2] [D] [thread 2897] [0.0] [cxt 0] Egress port is 0
[18:26:20.910] [bmv2] [D] [thread 2898] [0.0] [cxt 0] Pipeline 'egress': start
[18:26:20.910] [bmv2] [D] [thread 2898] [0.0] [cxt 0] Pipeline 'egress': end
[18:26:20.910] [bmv2] [D] [thread 2898] [0.0] [cxt 0] Deparser 'deparser': start
[18:26:20.910] [bmv2] [T] [thread 2898] [0.0] [cxt 0] Skipping checksum 'cksum' update because condition not met
[18:26:20.910] [bmv2] [D] [thread 2898] [0.0] [cxt 0] Deparsing header 'ethernet'
[18:26:20.910] [bmv2] [D] [thread 2898] [0.0] [cxt 0] Deparser 'deparser': end
[18:26:20.910] [bmv2] [D] [thread 2902] [0.0] [cxt 0] Transmitting packet of size 70 out of port 0
[18:26:21.066] [bmv2] [D] [thread 2897] [1.0] [cxt 0] Processing packet received on port 5
[18:26:21.066] [bmv2] [D] [thread 2897] [1.0] [cxt 0] Parser 'parser': start
[18:26:21.066] [bmv2] [D] [thread 2897] [1.0] [cxt 0] Parser 'parser' entering state 'start'
[18:26:21.066] [bmv2] [D] [thread 2897] [1.0] [cxt 0] Extracting header 'ethernet'
[18:26:21.066] [bmv2] [D] [thread 2897] [1.0] [cxt 0] Parser state 'start': key is 86dd
[18:26:21.066] [bmv2] [T] [thread 2897] [1.0] [cxt 0] Bytes parsed: 14
[18:26:21.066] [bmv2] [D] [thread 2897] [1.0] [cxt 0] Parser 'parser': end
[18:26:21.066] [bmv2] [D] [thread 2897] [1.0] [cxt 0] Pipeline 'ingress': start
[18:26:21.066] [bmv2] [T] [thread 2897] [1.0] [cxt 0] Applying table 'MyIngress.switch_config_params'
[18:26:21.066] [bmv2] [D] [thread 2897] [1.0] [cxt 0] Looking up key:

[18:26:21.066] [bmv2] [D] [thread 2897] [1.0] [cxt 0] Table 'MyIngress.switch_config_params': miss
[18:26:21.066] [bmv2] [D] [thread 2897] [1.0] [cxt 0] Action entry is NoAction - 
[18:26:21.066] [bmv2] [T] [thread 2897] [1.0] [cxt 0] Action NoAction
[18:26:21.066] [bmv2] [T] [thread 2897] [1.0] [cxt 0] load_balance.p4(369) Condition "hdr.wecmp.isValid()" (node_3) is false
[18:26:21.066] [bmv2] [T] [thread 2897] [1.0] [cxt 0] load_balance.p4(550) Condition "hdr.ipv4.isValid()" (node_34) is false
[18:26:21.066] [bmv2] [T] [thread 2897] [1.0] [cxt 0] Applying table 'tbl_record_bytes'
[18:26:21.067] [bmv2] [D] [thread 2897] [1.0] [cxt 0] Looking up key:

[18:26:21.067] [bmv2] [D] [thread 2897] [1.0] [cxt 0] Table 'tbl_record_bytes': miss
[18:26:21.067] [bmv2] [D] [thread 2897] [1.0] [cxt 0] Action entry is MyIngress.record_bytes - 
[18:26:21.067] [bmv2] [T] [thread 2897] [1.0] [cxt 0] Action MyIngress.record_bytes
[18:26:21.067] [bmv2] [T] [thread 2897] [1.0] [cxt 0] load_balance.p4(189) Primitive (bit<32>)standard_metadata.ingress_port
[18:26:21.067] [bmv2] [T] [thread 2897] [1.0] [cxt 0] load_balance.p4(189) Primitive byte_cnt_reg.read(byte_cnt, (bit<32>)standard_metadata.ingress_port)
[18:26:21.067] [bmv2] [E] [thread 2897] [1.0] [cxt 0] Attempted to read register 'MyIngress.byte_cnt_reg' with size 3 at out-of-bounds index 5.  Dest field was not updated.
[18:26:21.067] [bmv2] [T] [thread 2897] [1.0] [cxt 0] load_balance.p4(190) Primitive byte_cnt = byte_cnt + (bit<48>)standard_metadata.packet_length
[18:26:21.067] [bmv2] [T] [thread 2897] [1.0] [cxt 0] load_balance.p4(191) Primitive (bit<32>)standard_metadata.ingress_port
[18:26:21.067] [bmv2] [T] [thread 2897] [1.0] [cxt 0] load_balance.p4(191) Primitive byte_cnt_reg.write((bit<32>)standard_metadata.ingress_port, byte_cnt)
[18:26:21.067] [bmv2] [E] [thread 2897] [1.0] [cxt 0] Attempted to write register 'MyIngress.byte_cnt_reg' with size 3 at out-of-bounds index 5.  No register array elements were updated.
[18:26:21.067] [bmv2] [D] [thread 2897] [1.0] [cxt 0] Pipeline 'ingress': end
[18:26:21.067] [bmv2] [D] [thread 2897] [1.0] [cxt 0] Egress port is 0
[18:26:21.067] [bmv2] [D] [thread 2898] [1.0] [cxt 0] Pipeline 'egress': start
[18:26:21.067] [bmv2] [D] [thread 2898] [1.0] [cxt 0] Pipeline 'egress': end
[18:26:21.067] [bmv2] [D] [thread 2898] [1.0] [cxt 0] Deparser 'deparser': start
[18:26:21.067] [bmv2] [T] [thread 2898] [1.0] [cxt 0] Skipping checksum 'cksum' update because condition not met
[18:26:21.067] [bmv2] [D] [thread 2898] [1.0] [cxt 0] Deparsing header 'ethernet'
[18:26:21.067] [bmv2] [D] [thread 2898] [1.0] [cxt 0] Deparser 'deparser': end
[18:26:21.067] [bmv2] [D] [thread 2902] [1.0] [cxt 0] Transmitting packet of size 70 out of port 0
[18:26:21.104] [bmv2] [D] [thread 2897] [2.0] [cxt 0] Processing packet received on port 4
[18:26:21.105] [bmv2] [D] [thread 2897] [2.0] [cxt 0] Parser 'parser': start
[18:26:21.105] [bmv2] [D] [thread 2897] [2.0] [cxt 0] Parser 'parser' entering state 'start'
[18:26:21.105] [bmv2] [D] [thread 2897] [2.0] [cxt 0] Extracting header 'ethernet'
[18:26:21.105] [bmv2] [D] [thread 2897] [2.0] [cxt 0] Parser state 'start': key is 86dd
[18:26:21.105] [bmv2] [T] [thread 2897] [2.0] [cxt 0] Bytes parsed: 14
[18:26:21.105] [bmv2] [D] [thread 2897] [2.0] [cxt 0] Parser 'parser': end
[18:26:21.105] [bmv2] [D] [thread 2897] [2.0] [cxt 0] Pipeline 'ingress': start
[18:26:21.105] [bmv2] [T] [thread 2897] [2.0] [cxt 0] Applying table 'MyIngress.switch_config_params'
[18:26:21.105] [bmv2] [D] [thread 2897] [2.0] [cxt 0] Looking up key:

[18:26:21.105] [bmv2] [D] [thread 2897] [2.0] [cxt 0] Table 'MyIngress.switch_config_params': miss
[18:26:21.105] [bmv2] [D] [thread 2897] [2.0] [cxt 0] Action entry is NoAction - 
[18:26:21.105] [bmv2] [T] [thread 2897] [2.0] [cxt 0] Action NoAction
[18:26:21.105] [bmv2] [T] [thread 2897] [2.0] [cxt 0] load_balance.p4(369) Condition "hdr.wecmp.isValid()" (node_3) is false
[18:26:21.105] [bmv2] [T] [thread 2897] [2.0] [cxt 0] load_balance.p4(550) Condition "hdr.ipv4.isValid()" (node_34) is false
[18:26:21.105] [bmv2] [T] [thread 2897] [2.0] [cxt 0] Applying table 'tbl_record_bytes'
[18:26:21.105] [bmv2] [D] [thread 2897] [2.0] [cxt 0] Looking up key:

[18:26:21.105] [bmv2] [D] [thread 2897] [2.0] [cxt 0] Table 'tbl_record_bytes': miss
[18:26:21.105] [bmv2] [D] [thread 2897] [2.0] [cxt 0] Action entry is MyIngress.record_bytes - 
[18:26:21.105] [bmv2] [T] [thread 2897] [2.0] [cxt 0] Action MyIngress.record_bytes
[18:26:21.105] [bmv2] [T] [thread 2897] [2.0] [cxt 0] load_balance.p4(189) Primitive (bit<32>)standard_metadata.ingress_port
[18:26:21.105] [bmv2] [T] [thread 2897] [2.0] [cxt 0] load_balance.p4(189) Primitive byte_cnt_reg.read(byte_cnt, (bit<32>)standard_metadata.ingress_port)
[18:26:21.105] [bmv2] [E] [thread 2897] [2.0] [cxt 0] Attempted to read register 'MyIngress.byte_cnt_reg' with size 3 at out-of-bounds index 4.  Dest field was not updated.
[18:26:21.105] [bmv2] [T] [thread 2897] [2.0] [cxt 0] load_balance.p4(190) Primitive byte_cnt = byte_cnt + (bit<48>)standard_metadata.packet_length
[18:26:21.105] [bmv2] [T] [thread 2897] [2.0] [cxt 0] load_balance.p4(191) Primitive (bit<32>)standard_metadata.ingress_port
[18:26:21.105] [bmv2] [T] [thread 2897] [2.0] [cxt 0] load_balance.p4(191) Primitive byte_cnt_reg.write((bit<32>)standard_metadata.ingress_port, byte_cnt)
[18:26:21.105] [bmv2] [E] [thread 2897] [2.0] [cxt 0] Attempted to write register 'MyIngress.byte_cnt_reg' with size 3 at out-of-bounds index 4.  No register array elements were updated.
[18:26:21.105] [bmv2] [D] [thread 2897] [2.0] [cxt 0] Pipeline 'ingress': end
[18:26:21.105] [bmv2] [D] [thread 2897] [2.0] [cxt 0] Egress port is 0
[18:26:21.105] [bmv2] [D] [thread 2898] [2.0] [cxt 0] Pipeline 'egress': start
[18:26:21.105] [bmv2] [D] [thread 2898] [2.0] [cxt 0] Pipeline 'egress': end
[18:26:21.105] [bmv2] [D] [thread 2898] [2.0] [cxt 0] Deparser 'deparser': start
[18:26:21.105] [bmv2] [T] [thread 2898] [2.0] [cxt 0] Skipping checksum 'cksum' update because condition not met
[18:26:21.105] [bmv2] [D] [thread 2898] [2.0] [cxt 0] Deparsing header 'ethernet'
[18:26:21.105] [bmv2] [D] [thread 2898] [2.0] [cxt 0] Deparser 'deparser': end
[18:26:21.105] [bmv2] [D] [thread 2902] [2.0] [cxt 0] Transmitting packet of size 70 out of port 0
[18:26:21.383] [bmv2] [D] [thread 2897] [3.0] [cxt 0] Processing packet received on port 6
[18:26:21.383] [bmv2] [D] [thread 2897] [3.0] [cxt 0] Parser 'parser': start
[18:26:21.383] [bmv2] [D] [thread 2897] [3.0] [cxt 0] Parser 'parser' entering state 'start'
[18:26:21.383] [bmv2] [D] [thread 2897] [3.0] [cxt 0] Extracting header 'ethernet'
[18:26:21.383] [bmv2] [D] [thread 2897] [3.0] [cxt 0] Parser state 'start': key is 86dd
[18:26:21.383] [bmv2] [T] [thread 2897] [3.0] [cxt 0] Bytes parsed: 14
[18:26:21.383] [bmv2] [D] [thread 2897] [3.0] [cxt 0] Parser 'parser': end
[18:26:21.383] [bmv2] [D] [thread 2897] [3.0] [cxt 0] Pipeline 'ingress': start
[18:26:21.383] [bmv2] [T] [thread 2897] [3.0] [cxt 0] Applying table 'MyIngress.switch_config_params'
[18:26:21.383] [bmv2] [D] [thread 2897] [3.0] [cxt 0] Looking up key:

[18:26:21.384] [bmv2] [D] [thread 2897] [3.0] [cxt 0] Table 'MyIngress.switch_config_params': miss
[18:26:21.384] [bmv2] [D] [thread 2897] [3.0] [cxt 0] Action entry is NoAction - 
[18:26:21.384] [bmv2] [T] [thread 2897] [3.0] [cxt 0] Action NoAction
[18:26:21.384] [bmv2] [T] [thread 2897] [3.0] [cxt 0] load_balance.p4(369) Condition "hdr.wecmp.isValid()" (node_3) is false
[18:26:21.384] [bmv2] [T] [thread 2897] [3.0] [cxt 0] load_balance.p4(550) Condition "hdr.ipv4.isValid()" (node_34) is false
[18:26:21.384] [bmv2] [T] [thread 2897] [3.0] [cxt 0] Applying table 'tbl_record_bytes'
[18:26:21.384] [bmv2] [D] [thread 2897] [3.0] [cxt 0] Looking up key:

[18:26:21.384] [bmv2] [D] [thread 2897] [3.0] [cxt 0] Table 'tbl_record_bytes': miss
[18:26:21.384] [bmv2] [D] [thread 2897] [3.0] [cxt 0] Action entry is MyIngress.record_bytes - 
[18:26:21.384] [bmv2] [T] [thread 2897] [3.0] [cxt 0] Action MyIngress.record_bytes
[18:26:21.384] [bmv2] [T] [thread 2897] [3.0] [cxt 0] load_balance.p4(189) Primitive (bit<32>)standard_metadata.ingress_port
[18:26:21.384] [bmv2] [T] [thread 2897] [3.0] [cxt 0] load_balance.p4(189) Primitive byte_cnt_reg.read(byte_cnt, (bit<32>)standard_metadata.ingress_port)
[18:26:21.384] [bmv2] [E] [thread 2897] [3.0] [cxt 0] Attempted to read register 'MyIngress.byte_cnt_reg' with size 3 at out-of-bounds index 6.  Dest field was not updated.
[18:26:21.384] [bmv2] [T] [thread 2897] [3.0] [cxt 0] load_balance.p4(190) Primitive byte_cnt = byte_cnt + (bit<48>)standard_metadata.packet_length
[18:26:21.384] [bmv2] [T] [thread 2897] [3.0] [cxt 0] load_balance.p4(191) Primitive (bit<32>)standard_metadata.ingress_port
[18:26:21.384] [bmv2] [T] [thread 2897] [3.0] [cxt 0] load_balance.p4(191) Primitive byte_cnt_reg.write((bit<32>)standard_metadata.ingress_port, byte_cnt)
[18:26:21.384] [bmv2] [E] [thread 2897] [3.0] [cxt 0] Attempted to write register 'MyIngress.byte_cnt_reg' with size 3 at out-of-bounds index 6.  No register array elements were updated.
[18:26:21.384] [bmv2] [D] [thread 2897] [3.0] [cxt 0] Pipeline 'ingress': end
[18:26:21.384] [bmv2] [D] [thread 2897] [3.0] [cxt 0] Egress port is 0
[18:26:21.384] [bmv2] [D] [thread 2898] [3.0] [cxt 0] Pipeline 'egress': start
[18:26:21.384] [bmv2] [D] [thread 2898] [3.0] [cxt 0] Pipeline 'egress': end
[18:26:21.384] [bmv2] [D] [thread 2898] [3.0] [cxt 0] Deparser 'deparser': start
[18:26:21.384] [bmv2] [T] [thread 2898] [3.0] [cxt 0] Skipping checksum 'cksum' update because condition not met
[18:26:21.384] [bmv2] [D] [thread 2898] [3.0] [cxt 0] Deparsing header 'ethernet'
[18:26:21.384] [bmv2] [D] [thread 2898] [3.0] [cxt 0] Deparser 'deparser': end
[18:26:21.384] [bmv2] [D] [thread 2902] [3.0] [cxt 0] Transmitting packet of size 70 out of port 0
[18:26:21.524] [bmv2] [D] [thread 2897] [4.0] [cxt 0] Processing packet received on port 1
[18:26:21.524] [bmv2] [D] [thread 2897] [4.0] [cxt 0] Parser 'parser': start
[18:26:21.524] [bmv2] [D] [thread 2897] [4.0] [cxt 0] Parser 'parser' entering state 'start'
[18:26:21.524] [bmv2] [D] [thread 2897] [4.0] [cxt 0] Extracting header 'ethernet'
[18:26:21.524] [bmv2] [D] [thread 2897] [4.0] [cxt 0] Parser state 'start': key is 86dd
[18:26:21.524] [bmv2] [T] [thread 2897] [4.0] [cxt 0] Bytes parsed: 14
[18:26:21.524] [bmv2] [D] [thread 2897] [4.0] [cxt 0] Parser 'parser': end
[18:26:21.524] [bmv2] [D] [thread 2897] [4.0] [cxt 0] Pipeline 'ingress': start
[18:26:21.524] [bmv2] [T] [thread 2897] [4.0] [cxt 0] Applying table 'MyIngress.switch_config_params'
[18:26:21.525] [bmv2] [D] [thread 2897] [4.0] [cxt 0] Looking up key:

[18:26:21.525] [bmv2] [D] [thread 2897] [4.0] [cxt 0] Table 'MyIngress.switch_config_params': miss
[18:26:21.525] [bmv2] [D] [thread 2897] [4.0] [cxt 0] Action entry is NoAction - 
[18:26:21.525] [bmv2] [T] [thread 2897] [4.0] [cxt 0] Action NoAction
[18:26:21.525] [bmv2] [T] [thread 2897] [4.0] [cxt 0] load_balance.p4(369) Condition "hdr.wecmp.isValid()" (node_3) is false
[18:26:21.525] [bmv2] [T] [thread 2897] [4.0] [cxt 0] load_balance.p4(550) Condition "hdr.ipv4.isValid()" (node_34) is false
[18:26:21.525] [bmv2] [T] [thread 2897] [4.0] [cxt 0] Applying table 'tbl_record_bytes'
[18:26:21.525] [bmv2] [D] [thread 2897] [4.0] [cxt 0] Looking up key:

[18:26:21.525] [bmv2] [D] [thread 2897] [4.0] [cxt 0] Table 'tbl_record_bytes': miss
[18:26:21.525] [bmv2] [D] [thread 2897] [4.0] [cxt 0] Action entry is MyIngress.record_bytes - 
[18:26:21.525] [bmv2] [T] [thread 2897] [4.0] [cxt 0] Action MyIngress.record_bytes
[18:26:21.525] [bmv2] [T] [thread 2897] [4.0] [cxt 0] load_balance.p4(189) Primitive (bit<32>)standard_metadata.ingress_port
[18:26:21.525] [bmv2] [T] [thread 2897] [4.0] [cxt 0] load_balance.p4(189) Primitive byte_cnt_reg.read(byte_cnt, (bit<32>)standard_metadata.ingress_port)
[18:26:21.525] [bmv2] [T] [thread 2897] [4.0] [cxt 0] Read register 'MyIngress.byte_cnt_reg' at index 1 read value 0
[18:26:21.525] [bmv2] [T] [thread 2897] [4.0] [cxt 0] load_balance.p4(190) Primitive byte_cnt = byte_cnt + (bit<48>)standard_metadata.packet_length
[18:26:21.527] [bmv2] [T] [thread 2897] [4.0] [cxt 0] load_balance.p4(191) Primitive (bit<32>)standard_metadata.ingress_port
[18:26:21.527] [bmv2] [T] [thread 2897] [4.0] [cxt 0] load_balance.p4(191) Primitive byte_cnt_reg.write((bit<32>)standard_metadata.ingress_port, byte_cnt)
[18:26:21.527] [bmv2] [T] [thread 2897] [4.0] [cxt 0] Wrote register 'MyIngress.byte_cnt_reg' at index 1 with value 70
[18:26:21.527] [bmv2] [D] [thread 2897] [4.0] [cxt 0] Pipeline 'ingress': end
[18:26:21.527] [bmv2] [D] [thread 2897] [4.0] [cxt 0] Egress port is 0
[18:26:21.527] [bmv2] [D] [thread 2898] [4.0] [cxt 0] Pipeline 'egress': start
[18:26:21.527] [bmv2] [D] [thread 2898] [4.0] [cxt 0] Pipeline 'egress': end
[18:26:21.527] [bmv2] [D] [thread 2898] [4.0] [cxt 0] Deparser 'deparser': start
[18:26:21.527] [bmv2] [T] [thread 2898] [4.0] [cxt 0] Skipping checksum 'cksum' update because condition not met
[18:26:21.527] [bmv2] [D] [thread 2898] [4.0] [cxt 0] Deparsing header 'ethernet'
[18:26:21.527] [bmv2] [D] [thread 2898] [4.0] [cxt 0] Deparser 'deparser': end
[18:26:21.527] [bmv2] [D] [thread 2902] [4.0] [cxt 0] Transmitting packet of size 70 out of port 0
[18:26:21.863] [bmv2] [D] [thread 2897] [5.0] [cxt 0] Processing packet received on port 2
[18:26:21.864] [bmv2] [D] [thread 2897] [5.0] [cxt 0] Parser 'parser': start
[18:26:21.864] [bmv2] [D] [thread 2897] [5.0] [cxt 0] Parser 'parser' entering state 'start'
[18:26:21.864] [bmv2] [D] [thread 2897] [5.0] [cxt 0] Extracting header 'ethernet'
[18:26:21.864] [bmv2] [D] [thread 2897] [5.0] [cxt 0] Parser state 'start': key is 86dd
[18:26:21.864] [bmv2] [T] [thread 2897] [5.0] [cxt 0] Bytes parsed: 14
[18:26:21.864] [bmv2] [D] [thread 2897] [5.0] [cxt 0] Parser 'parser': end
[18:26:21.864] [bmv2] [D] [thread 2897] [5.0] [cxt 0] Pipeline 'ingress': start
[18:26:21.864] [bmv2] [T] [thread 2897] [5.0] [cxt 0] Applying table 'MyIngress.switch_config_params'
[18:26:21.864] [bmv2] [D] [thread 2897] [5.0] [cxt 0] Looking up key:

[18:26:21.864] [bmv2] [D] [thread 2897] [5.0] [cxt 0] Table 'MyIngress.switch_config_params': miss
[18:26:21.864] [bmv2] [D] [thread 2897] [5.0] [cxt 0] Action entry is NoAction - 
[18:26:21.864] [bmv2] [T] [thread 2897] [5.0] [cxt 0] Action NoAction
[18:26:21.864] [bmv2] [T] [thread 2897] [5.0] [cxt 0] load_balance.p4(369) Condition "hdr.wecmp.isValid()" (node_3) is false
[18:26:21.864] [bmv2] [T] [thread 2897] [5.0] [cxt 0] load_balance.p4(550) Condition "hdr.ipv4.isValid()" (node_34) is false
[18:26:21.864] [bmv2] [T] [thread 2897] [5.0] [cxt 0] Applying table 'tbl_record_bytes'
[18:26:21.864] [bmv2] [D] [thread 2897] [5.0] [cxt 0] Looking up key:

[18:26:21.864] [bmv2] [D] [thread 2897] [5.0] [cxt 0] Table 'tbl_record_bytes': miss
[18:26:21.864] [bmv2] [D] [thread 2897] [5.0] [cxt 0] Action entry is MyIngress.record_bytes - 
[18:26:21.864] [bmv2] [T] [thread 2897] [5.0] [cxt 0] Action MyIngress.record_bytes
[18:26:21.864] [bmv2] [T] [thread 2897] [5.0] [cxt 0] load_balance.p4(189) Primitive (bit<32>)standard_metadata.ingress_port
[18:26:21.864] [bmv2] [T] [thread 2897] [5.0] [cxt 0] load_balance.p4(189) Primitive byte_cnt_reg.read(byte_cnt, (bit<32>)standard_metadata.ingress_port)
[18:26:21.864] [bmv2] [T] [thread 2897] [5.0] [cxt 0] Read register 'MyIngress.byte_cnt_reg' at index 2 read value 0
[18:26:21.864] [bmv2] [T] [thread 2897] [5.0] [cxt 0] load_balance.p4(190) Primitive byte_cnt = byte_cnt + (bit<48>)standard_metadata.packet_length
[18:26:21.864] [bmv2] [T] [thread 2897] [5.0] [cxt 0] load_balance.p4(191) Primitive (bit<32>)standard_metadata.ingress_port
[18:26:21.864] [bmv2] [T] [thread 2897] [5.0] [cxt 0] load_balance.p4(191) Primitive byte_cnt_reg.write((bit<32>)standard_metadata.ingress_port, byte_cnt)
[18:26:21.864] [bmv2] [T] [thread 2897] [5.0] [cxt 0] Wrote register 'MyIngress.byte_cnt_reg' at index 2 with value 70
[18:26:21.864] [bmv2] [D] [thread 2897] [5.0] [cxt 0] Pipeline 'ingress': end
[18:26:21.864] [bmv2] [D] [thread 2897] [5.0] [cxt 0] Egress port is 0
[18:26:21.864] [bmv2] [D] [thread 2898] [5.0] [cxt 0] Pipeline 'egress': start
[18:26:21.864] [bmv2] [D] [thread 2898] [5.0] [cxt 0] Pipeline 'egress': end
[18:26:21.864] [bmv2] [D] [thread 2898] [5.0] [cxt 0] Deparser 'deparser': start
[18:26:21.864] [bmv2] [T] [thread 2898] [5.0] [cxt 0] Skipping checksum 'cksum' update because condition not met
[18:26:21.864] [bmv2] [D] [thread 2898] [5.0] [cxt 0] Deparsing header 'ethernet'
[18:26:21.864] [bmv2] [D] [thread 2898] [5.0] [cxt 0] Deparser 'deparser': end
[18:26:21.864] [bmv2] [D] [thread 2902] [5.0] [cxt 0] Transmitting packet of size 70 out of port 0
[18:26:22.185] [bmv2] [D] [thread 2897] [6.0] [cxt 0] Processing packet received on port 1
[18:26:22.185] [bmv2] [D] [thread 2897] [6.0] [cxt 0] Parser 'parser': start
[18:26:22.185] [bmv2] [D] [thread 2897] [6.0] [cxt 0] Parser 'parser' entering state 'start'
[18:26:22.185] [bmv2] [D] [thread 2897] [6.0] [cxt 0] Extracting header 'ethernet'
[18:26:22.185] [bmv2] [D] [thread 2897] [6.0] [cxt 0] Parser state 'start': key is 86dd
[18:26:22.185] [bmv2] [T] [thread 2897] [6.0] [cxt 0] Bytes parsed: 14
[18:26:22.185] [bmv2] [D] [thread 2897] [6.0] [cxt 0] Parser 'parser': end
[18:26:22.185] [bmv2] [D] [thread 2897] [6.0] [cxt 0] Pipeline 'ingress': start
[18:26:22.185] [bmv2] [T] [thread 2897] [6.0] [cxt 0] Applying table 'MyIngress.switch_config_params'
[18:26:22.185] [bmv2] [D] [thread 2897] [6.0] [cxt 0] Looking up key:

[18:26:22.185] [bmv2] [D] [thread 2897] [6.0] [cxt 0] Table 'MyIngress.switch_config_params': miss
[18:26:22.185] [bmv2] [D] [thread 2897] [6.0] [cxt 0] Action entry is NoAction - 
[18:26:22.185] [bmv2] [T] [thread 2897] [6.0] [cxt 0] Action NoAction
[18:26:22.185] [bmv2] [T] [thread 2897] [6.0] [cxt 0] load_balance.p4(369) Condition "hdr.wecmp.isValid()" (node_3) is false
[18:26:22.185] [bmv2] [T] [thread 2897] [6.0] [cxt 0] load_balance.p4(550) Condition "hdr.ipv4.isValid()" (node_34) is false
[18:26:22.185] [bmv2] [T] [thread 2897] [6.0] [cxt 0] Applying table 'tbl_record_bytes'
[18:26:22.185] [bmv2] [D] [thread 2897] [6.0] [cxt 0] Looking up key:

[18:26:22.185] [bmv2] [D] [thread 2897] [6.0] [cxt 0] Table 'tbl_record_bytes': miss
[18:26:22.185] [bmv2] [D] [thread 2897] [6.0] [cxt 0] Action entry is MyIngress.record_bytes - 
[18:26:22.185] [bmv2] [T] [thread 2897] [6.0] [cxt 0] Action MyIngress.record_bytes
[18:26:22.185] [bmv2] [T] [thread 2897] [6.0] [cxt 0] load_balance.p4(189) Primitive (bit<32>)standard_metadata.ingress_port
[18:26:22.185] [bmv2] [T] [thread 2897] [6.0] [cxt 0] load_balance.p4(189) Primitive byte_cnt_reg.read(byte_cnt, (bit<32>)standard_metadata.ingress_port)
[18:26:22.185] [bmv2] [T] [thread 2897] [6.0] [cxt 0] Read register 'MyIngress.byte_cnt_reg' at index 1 read value 70
[18:26:22.185] [bmv2] [T] [thread 2897] [6.0] [cxt 0] load_balance.p4(190) Primitive byte_cnt = byte_cnt + (bit<48>)standard_metadata.packet_length
[18:26:22.186] [bmv2] [T] [thread 2897] [6.0] [cxt 0] load_balance.p4(191) Primitive (bit<32>)standard_metadata.ingress_port
[18:26:22.186] [bmv2] [T] [thread 2897] [6.0] [cxt 0] load_balance.p4(191) Primitive byte_cnt_reg.write((bit<32>)standard_metadata.ingress_port, byte_cnt)
[18:26:22.186] [bmv2] [T] [thread 2897] [6.0] [cxt 0] Wrote register 'MyIngress.byte_cnt_reg' at index 1 with value 140
[18:26:22.186] [bmv2] [D] [thread 2897] [6.0] [cxt 0] Pipeline 'ingress': end
[18:26:22.186] [bmv2] [D] [thread 2897] [6.0] [cxt 0] Egress port is 0
[18:26:22.186] [bmv2] [D] [thread 2898] [6.0] [cxt 0] Pipeline 'egress': start
[18:26:22.186] [bmv2] [D] [thread 2898] [6.0] [cxt 0] Pipeline 'egress': end
[18:26:22.186] [bmv2] [D] [thread 2898] [6.0] [cxt 0] Deparser 'deparser': start
[18:26:22.186] [bmv2] [T] [thread 2898] [6.0] [cxt 0] Skipping checksum 'cksum' update because condition not met
[18:26:22.186] [bmv2] [D] [thread 2898] [6.0] [cxt 0] Deparsing header 'ethernet'
[18:26:22.186] [bmv2] [D] [thread 2898] [6.0] [cxt 0] Deparser 'deparser': end
[18:26:22.186] [bmv2] [D] [thread 2902] [6.0] [cxt 0] Transmitting packet of size 70 out of port 0
[18:26:22.224] [bmv2] [D] [thread 2897] [7.0] [cxt 0] Processing packet received on port 2
[18:26:22.224] [bmv2] [D] [thread 2897] [7.0] [cxt 0] Parser 'parser': start
[18:26:22.224] [bmv2] [D] [thread 2897] [7.0] [cxt 0] Parser 'parser' entering state 'start'
[18:26:22.224] [bmv2] [D] [thread 2897] [7.0] [cxt 0] Extracting header 'ethernet'
[18:26:22.224] [bmv2] [D] [thread 2897] [7.0] [cxt 0] Parser state 'start': key is 86dd
[18:26:22.224] [bmv2] [T] [thread 2897] [7.0] [cxt 0] Bytes parsed: 14
[18:26:22.225] [bmv2] [D] [thread 2897] [7.0] [cxt 0] Parser 'parser': end
[18:26:22.225] [bmv2] [D] [thread 2897] [7.0] [cxt 0] Pipeline 'ingress': start
[18:26:22.225] [bmv2] [T] [thread 2897] [7.0] [cxt 0] Applying table 'MyIngress.switch_config_params'
[18:26:22.225] [bmv2] [D] [thread 2897] [7.0] [cxt 0] Looking up key:

[18:26:22.225] [bmv2] [D] [thread 2897] [7.0] [cxt 0] Table 'MyIngress.switch_config_params': miss
[18:26:22.225] [bmv2] [D] [thread 2897] [7.0] [cxt 0] Action entry is NoAction - 
[18:26:22.225] [bmv2] [T] [thread 2897] [7.0] [cxt 0] Action NoAction
[18:26:22.225] [bmv2] [T] [thread 2897] [7.0] [cxt 0] load_balance.p4(369) Condition "hdr.wecmp.isValid()" (node_3) is false
[18:26:22.225] [bmv2] [T] [thread 2897] [7.0] [cxt 0] load_balance.p4(550) Condition "hdr.ipv4.isValid()" (node_34) is false
[18:26:22.225] [bmv2] [T] [thread 2897] [7.0] [cxt 0] Applying table 'tbl_record_bytes'
[18:26:22.225] [bmv2] [D] [thread 2897] [7.0] [cxt 0] Looking up key:

[18:26:22.225] [bmv2] [D] [thread 2897] [7.0] [cxt 0] Table 'tbl_record_bytes': miss
[18:26:22.225] [bmv2] [D] [thread 2897] [7.0] [cxt 0] Action entry is MyIngress.record_bytes - 
[18:26:22.225] [bmv2] [T] [thread 2897] [7.0] [cxt 0] Action MyIngress.record_bytes
[18:26:22.225] [bmv2] [T] [thread 2897] [7.0] [cxt 0] load_balance.p4(189) Primitive (bit<32>)standard_metadata.ingress_port
[18:26:22.225] [bmv2] [T] [thread 2897] [7.0] [cxt 0] load_balance.p4(189) Primitive byte_cnt_reg.read(byte_cnt, (bit<32>)standard_metadata.ingress_port)
[18:26:22.225] [bmv2] [T] [thread 2897] [7.0] [cxt 0] Read register 'MyIngress.byte_cnt_reg' at index 2 read value 70
[18:26:22.225] [bmv2] [T] [thread 2897] [7.0] [cxt 0] load_balance.p4(190) Primitive byte_cnt = byte_cnt + (bit<48>)standard_metadata.packet_length
[18:26:22.225] [bmv2] [T] [thread 2897] [7.0] [cxt 0] load_balance.p4(191) Primitive (bit<32>)standard_metadata.ingress_port
[18:26:22.225] [bmv2] [T] [thread 2897] [7.0] [cxt 0] load_balance.p4(191) Primitive byte_cnt_reg.write((bit<32>)standard_metadata.ingress_port, byte_cnt)
[18:26:22.225] [bmv2] [T] [thread 2897] [7.0] [cxt 0] Wrote register 'MyIngress.byte_cnt_reg' at index 2 with value 140
[18:26:22.225] [bmv2] [D] [thread 2897] [7.0] [cxt 0] Pipeline 'ingress': end
[18:26:22.225] [bmv2] [D] [thread 2897] [7.0] [cxt 0] Egress port is 0
[18:26:22.225] [bmv2] [D] [thread 2898] [7.0] [cxt 0] Pipeline 'egress': start
[18:26:22.225] [bmv2] [D] [thread 2898] [7.0] [cxt 0] Pipeline 'egress': end
[18:26:22.225] [bmv2] [D] [thread 2898] [7.0] [cxt 0] Deparser 'deparser': start
[18:26:22.225] [bmv2] [T] [thread 2898] [7.0] [cxt 0] Skipping checksum 'cksum' update because condition not met
[18:26:22.225] [bmv2] [D] [thread 2898] [7.0] [cxt 0] Deparsing header 'ethernet'
[18:26:22.225] [bmv2] [D] [thread 2898] [7.0] [cxt 0] Deparser 'deparser': end
[18:26:22.225] [bmv2] [D] [thread 2902] [7.0] [cxt 0] Transmitting packet of size 70 out of port 0
New connection
P4Runtime SetForwardingPipelineConfig
[18:26:40.427] [bmv2] [W] [thread 3007] [P4Runtime] p4::tmp::P4DeviceConfig is deprecated
[18:26:40.433] [bmv2] [D] [thread 3007] Set default default entry for table 'MyIngress.switch_config_params': NoAction - 
[18:26:40.433] [bmv2] [D] [thread 3007] Set default default entry for table 'tbl_act': act_12 - 
[18:26:40.433] [bmv2] [D] [thread 3007] Set default default entry for table 'tbl_act_0': act_0 - 
[18:26:40.433] [bmv2] [D] [thread 3007] Set default default entry for table 'tbl_act_1': act - 
[18:26:40.433] [bmv2] [D] [thread 3007] Set default default entry for table 'tbl_act_2': act_1 - 
[18:26:40.433] [bmv2] [D] [thread 3007] Set default default entry for table 'tbl_act_3': act_10 - 
[18:26:40.433] [bmv2] [D] [thread 3007] Set default default entry for table 'tbl_act_4': act_2 - 
[18:26:40.433] [bmv2] [D] [thread 3007] Set default default entry for table 'tbl_act_5': act_3 - 
[18:26:40.433] [bmv2] [D] [thread 3007] Set default default entry for table 'tbl_act_6': act_4 - 
[18:26:40.433] [bmv2] [D] [thread 3007] Set default default entry for table 'tbl_act_7': act_5 - 
[18:26:40.433] [bmv2] [D] [thread 3007] Set default default entry for table 'tbl_act_8': act_6 - 
[18:26:40.433] [bmv2] [D] [thread 3007] Set default default entry for table 'tbl_act_9': act_7 - 
[18:26:40.433] [bmv2] [D] [thread 3007] Set default default entry for table 'tbl_act_10': act_8 - 
[18:26:40.433] [bmv2] [D] [thread 3007] Set default default entry for table 'tbl_act_11': act_9 - 
[18:26:40.433] [bmv2] [D] [thread 3007] Set default default entry for table 'tbl_act_12': act_11 - 
[18:26:40.433] [bmv2] [D] [thread 3007] Set default default entry for table 'tbl_act_13': act_13 - 
[18:26:40.433] [bmv2] [D] [thread 3007] Set default default entry for table 'MyIngress.output_tag_id_exact': MyIngress.drop - 
[18:26:40.433] [bmv2] [D] [thread 3007] Set default default entry for table 'tbl_unset_wecmp_header': MyIngress.unset_wecmp_header - 
[18:26:40.433] [bmv2] [D] [thread 3007] Set default default entry for table 'tbl_act_14': act_14 - 
[18:26:40.433] [bmv2] [D] [thread 3007] Set default default entry for table 'tbl_act_15': act_16 - 
[18:26:40.433] [bmv2] [D] [thread 3007] Set default default entry for table 'tbl_act_16': act_15 - 
[18:26:40.433] [bmv2] [D] [thread 3007] Set default default entry for table 'MyIngress.ipv4_lpm': MyIngress.drop - 
[18:26:40.433] [bmv2] [D] [thread 3007] Set default default entry for table 'tbl_record_bytes': MyIngress.record_bytes - 
P4Runtime Write
device_id: 8
election_id {
  low: 1
}
updates {
  type: INSERT
  entity {
    table_entry {
      table_id: 33564783
      action {
        action {
          action_id: 16828790
          params {
            param_id: 1
            value: "\001"
          }
        }
      }
    }
  }
}
[18:26:41.088] [bmv2] [D] [thread 3053] Entry 0 added to table 'MyIngress.switch_config_params'
[18:26:41.088] [bmv2] [D] [thread 3053] Dumping entry 0
Match key:
Action entry: MyIngress.set_config_parameters - 1,

P4Runtime Write
device_id: 8
election_id {
  low: 1
}
updates {
  type: INSERT
  entity {
    table_entry {
      table_id: 33558852
      match {
        field_id: 1
        exact {
          value: "\000"
        }
      }
      action {
        action {
          action_id: 16816721
          params {
            param_id: 1
            value: "\000\001"
          }
        }
      }
    }
  }
}
[18:26:41.090] [bmv2] [D] [thread 3053] Entry 0 added to table 'MyIngress.output_tag_id_exact'
[18:26:41.090] [bmv2] [D] [thread 3053] Dumping entry 0
Match key:
* meta.output_tag_id  : EXACT     00
Action entry: MyIngress.tag_forward - 1,

P4Runtime Write
device_id: 8
election_id {
  low: 1
}
updates {
  type: INSERT
  entity {
    table_entry {
      table_id: 33558852
      match {
        field_id: 1
        exact {
          value: "\001"
        }
      }
      action {
        action {
          action_id: 16816721
          params {
            param_id: 1
            value: "\000\002"
          }
        }
      }
    }
  }
}
[18:26:41.091] [bmv2] [D] [thread 3053] Entry 1 added to table 'MyIngress.output_tag_id_exact'
[18:26:41.091] [bmv2] [D] [thread 3053] Dumping entry 1
Match key:
* meta.output_tag_id  : EXACT     01
Action entry: MyIngress.tag_forward - 2,

P4Runtime Write
device_id: 8
election_id {
  low: 1
}
updates {
  type: MODIFY
  entity {
    table_entry {
      table_id: 33574068
      action {
        action {
          action_id: 16805608
        }
      }
      is_default_action: true
    }
  }
}
[18:26:41.093] [bmv2] [D] [thread 3053] Set default entry for table 'MyIngress.ipv4_lpm': MyIngress.drop - 
P4Runtime Write
device_id: 8
election_id {
  low: 1
}
updates {
  type: INSERT
  entity {
    table_entry {
      table_id: 33574068
      match {
        field_id: 2
        exact {
          value: "\002"
        }
      }
      match {
        field_id: 1
        lpm {
          value: "\n\000\003\001"
          prefix_len: 32
        }
      }
      action {
        action {
          action_id: 16799317
          params {
            param_id: 1
            value: "\010\000\000\000\003\001"
          }
          params {
            param_id: 2
            value: "\000\003"
          }
        }
      }
    }
  }
}
[18:26:41.094] [bmv2] [D] [thread 3053] Entry 0 added to table 'MyIngress.ipv4_lpm'
[18:26:41.094] [bmv2] [D] [thread 3053] Dumping entry 0
Match key:
* hdr.ipv4.dstAddr    : LPM       0a000301/32
* meta.output_tag_id  : EXACT     02
Action entry: MyIngress.ipv4_forward - 80000000301,3,

P4Runtime Write
device_id: 8
election_id {
  low: 1
}
updates {
  type: INSERT
  entity {
    table_entry {
      table_id: 33574068
      match {
        field_id: 2
        exact {
          value: "\002"
        }
      }
      match {
        field_id: 1
        lpm {
          value: "\n\000\003\002"
          prefix_len: 32
        }
      }
      action {
        action {
          action_id: 16799317
          params {
            param_id: 1
            value: "\010\000\000\000\003\002"
          }
          params {
            param_id: 2
            value: "\000\004"
          }
        }
      }
    }
  }
}
[18:26:41.096] [bmv2] [D] [thread 3053] Entry 1 added to table 'MyIngress.ipv4_lpm'
[18:26:41.096] [bmv2] [D] [thread 3053] Dumping entry 1
Match key:
* hdr.ipv4.dstAddr    : LPM       0a000302/32
* meta.output_tag_id  : EXACT     02
Action entry: MyIngress.ipv4_forward - 80000000302,4,

P4Runtime Write
device_id: 8
election_id {
  low: 1
}
updates {
  type: INSERT
  entity {
    table_entry {
      table_id: 33574068
      match {
        field_id: 2
        exact {
          value: "\002"
        }
      }
      match {
        field_id: 1
        lpm {
          value: "\n\000\003\003"
          prefix_len: 32
        }
      }
      action {
        action {
          action_id: 16799317
          params {
            param_id: 1
            value: "\010\000\000\000\003\003"
          }
          params {
            param_id: 2
            value: "\000\005"
          }
        }
      }
    }
  }
}
[18:26:41.098] [bmv2] [D] [thread 3053] Entry 2 added to table 'MyIngress.ipv4_lpm'
[18:26:41.098] [bmv2] [D] [thread 3053] Dumping entry 2
Match key:
* hdr.ipv4.dstAddr    : LPM       0a000303/32
* meta.output_tag_id  : EXACT     02
Action entry: MyIngress.ipv4_forward - 80000000303,5,

P4Runtime Write
device_id: 8
election_id {
  low: 1
}
updates {
  type: INSERT
  entity {
    table_entry {
      table_id: 33574068
      match {
        field_id: 2
        exact {
          value: "\002"
        }
      }
      match {
        field_id: 1
        lpm {
          value: "\n\000\003\004"
          prefix_len: 32
        }
      }
      action {
        action {
          action_id: 16799317
          params {
            param_id: 1
            value: "\010\000\000\000\003\004"
          }
          params {
            param_id: 2
            value: "\000\006"
          }
        }
      }
    }
  }
}
[18:26:41.100] [bmv2] [D] [thread 3053] Entry 3 added to table 'MyIngress.ipv4_lpm'
[18:26:41.100] [bmv2] [D] [thread 3053] Dumping entry 3
Match key:
* hdr.ipv4.dstAddr    : LPM       0a000304/32
* meta.output_tag_id  : EXACT     02
Action entry: MyIngress.ipv4_forward - 80000000304,6,

P4Runtime Write
device_id: 8
election_id {
  low: 1
}
updates {
  type: INSERT
  entity {
    table_entry {
      table_id: 33574068
      match {
        field_id: 2
        exact {
          value: "\000"
        }
      }
      match {
        field_id: 1
        lpm {
          value: "\n\000\001\001"
          prefix_len: 32
        }
      }
      action {
        action {
          action_id: 16799317
          params {
            param_id: 1
            value: "\010\000\000\000\001\000"
          }
          params {
            param_id: 2
            value: "\000\001"
          }
        }
      }
    }
  }
}
[18:26:41.102] [bmv2] [D] [thread 3053] Entry 4 added to table 'MyIngress.ipv4_lpm'
[18:26:41.102] [bmv2] [D] [thread 3053] Dumping entry 4
Match key:
* hdr.ipv4.dstAddr    : LPM       0a000101/32
* meta.output_tag_id  : EXACT     00
Action entry: MyIngress.ipv4_forward - 80000000100,1,

P4Runtime Write
device_id: 8
election_id {
  low: 1
}
updates {
  type: INSERT
  entity {
    table_entry {
      table_id: 33574068
      match {
        field_id: 2
        exact {
          value: "\001"
        }
      }
      match {
        field_id: 1
        lpm {
          value: "\n\000\001\001"
          prefix_len: 32
        }
      }
      action {
        action {
          action_id: 16799317
          params {
            param_id: 1
            value: "\010\000\000\000\001\000"
          }
          params {
            param_id: 2
            value: "\000\002"
          }
        }
      }
    }
  }
}
[18:26:41.104] [bmv2] [D] [thread 3053] Entry 5 added to table 'MyIngress.ipv4_lpm'
[18:26:41.104] [bmv2] [D] [thread 3053] Dumping entry 5
Match key:
* hdr.ipv4.dstAddr    : LPM       0a000101/32
* meta.output_tag_id  : EXACT     01
Action entry: MyIngress.ipv4_forward - 80000000100,2,

P4Runtime Write
device_id: 8
election_id {
  low: 1
}
updates {
  type: INSERT
  entity {
    table_entry {
      table_id: 33574068
      match {
        field_id: 2
        exact {
          value: "\000"
        }
      }
      match {
        field_id: 1
        lpm {
          value: "\n\000\001\002"
          prefix_len: 32
        }
      }
      action {
        action {
          action_id: 16799317
          params {
            param_id: 1
            value: "\010\000\000\000\001\000"
          }
          params {
            param_id: 2
            value: "\000\001"
          }
        }
      }
    }
  }
}
[18:26:41.114] [bmv2] [D] [thread 3053] Entry 6 added to table 'MyIngress.ipv4_lpm'
[18:26:41.114] [bmv2] [D] [thread 3053] Dumping entry 6
Match key:
* hdr.ipv4.dstAddr    : LPM       0a000102/32
* meta.output_tag_id  : EXACT     00
Action entry: MyIngress.ipv4_forward - 80000000100,1,

P4Runtime Write
device_id: 8
election_id {
  low: 1
}
updates {
  type: INSERT
  entity {
    table_entry {
      table_id: 33574068
      match {
        field_id: 2
        exact {
          value: "\001"
        }
      }
      match {
        field_id: 1
        lpm {
          value: "\n\000\001\002"
          prefix_len: 32
        }
      }
      action {
        action {
          action_id: 16799317
          params {
            param_id: 1
            value: "\010\000\000\000\001\000"
          }
          params {
            param_id: 2
            value: "\000\002"
          }
        }
      }
    }
  }
}
[18:26:41.116] [bmv2] [D] [thread 3053] Entry 7 added to table 'MyIngress.ipv4_lpm'
[18:26:41.116] [bmv2] [D] [thread 3053] Dumping entry 7
Match key:
* hdr.ipv4.dstAddr    : LPM       0a000102/32
* meta.output_tag_id  : EXACT     01
Action entry: MyIngress.ipv4_forward - 80000000100,2,

P4Runtime Write
device_id: 8
election_id {
  low: 1
}
updates {
  type: INSERT
  entity {
    table_entry {
      table_id: 33574068
      match {
        field_id: 2
        exact {
          value: "\000"
        }
      }
      match {
        field_id: 1
        lpm {
          value: "\n\000\001\003"
          prefix_len: 32
        }
      }
      action {
        action {
          action_id: 16799317
          params {
            param_id: 1
            value: "\010\000\000\000\001\000"
          }
          params {
            param_id: 2
            value: "\000\001"
          }
        }
      }
    }
  }
}
[18:26:41.117] [bmv2] [D] [thread 3053] Entry 8 added to table 'MyIngress.ipv4_lpm'
[18:26:41.117] [bmv2] [D] [thread 3053] Dumping entry 8
Match key:
* hdr.ipv4.dstAddr    : LPM       0a000103/32
* meta.output_tag_id  : EXACT     00
Action entry: MyIngress.ipv4_forward - 80000000100,1,

P4Runtime Write
device_id: 8
election_id {
  low: 1
}
updates {
  type: INSERT
  entity {
    table_entry {
      table_id: 33574068
      match {
        field_id: 2
        exact {
          value: "\001"
        }
      }
      match {
        field_id: 1
        lpm {
          value: "\n\000\001\003"
          prefix_len: 32
        }
      }
      action {
        action {
          action_id: 16799317
          params {
            param_id: 1
            value: "\010\000\000\000\001\000"
          }
          params {
            param_id: 2
            value: "\000\002"
          }
        }
      }
    }
  }
}
[18:26:41.119] [bmv2] [D] [thread 3053] Entry 9 added to table 'MyIngress.ipv4_lpm'
[18:26:41.119] [bmv2] [D] [thread 3053] Dumping entry 9
Match key:
* hdr.ipv4.dstAddr    : LPM       0a000103/32
* meta.output_tag_id  : EXACT     01
Action entry: MyIngress.ipv4_forward - 80000000100,2,

P4Runtime Write
device_id: 8
election_id {
  low: 1
}
updates {
  type: INSERT
  entity {
    table_entry {
      table_id: 33574068
      match {
        field_id: 2
        exact {
          value: "\000"
        }
      }
      match {
        field_id: 1
        lpm {
          value: "\n\000\001\004"
          prefix_len: 32
        }
      }
      action {
        action {
          action_id: 16799317
          params {
            param_id: 1
            value: "\010\000\000\000\001\000"
          }
          params {
            param_id: 2
            value: "\000\001"
          }
        }
      }
    }
  }
}
[18:26:41.121] [bmv2] [D] [thread 3053] Entry 10 added to table 'MyIngress.ipv4_lpm'
[18:26:41.121] [bmv2] [D] [thread 3053] Dumping entry 10
Match key:
* hdr.ipv4.dstAddr    : LPM       0a000104/32
* meta.output_tag_id  : EXACT     00
Action entry: MyIngress.ipv4_forward - 80000000100,1,

P4Runtime Write
device_id: 8
election_id {
  low: 1
}
updates {
  type: INSERT
  entity {
    table_entry {
      table_id: 33574068
      match {
        field_id: 2
        exact {
          value: "\001"
        }
      }
      match {
        field_id: 1
        lpm {
          value: "\n\000\001\004"
          prefix_len: 32
        }
      }
      action {
        action {
          action_id: 16799317
          params {
            param_id: 1
            value: "\010\000\000\000\001\000"
          }
          params {
            param_id: 2
            value: "\000\002"
          }
        }
      }
    }
  }
}
[18:26:41.123] [bmv2] [D] [thread 3053] Entry 11 added to table 'MyIngress.ipv4_lpm'
[18:26:41.123] [bmv2] [D] [thread 3053] Dumping entry 11
Match key:
* hdr.ipv4.dstAddr    : LPM       0a000104/32
* meta.output_tag_id  : EXACT     01
Action entry: MyIngress.ipv4_forward - 80000000100,2,

P4Runtime Write
device_id: 8
election_id {
  low: 1
}
updates {
  type: INSERT
  entity {
    table_entry {
      table_id: 33574068
      match {
        field_id: 2
        exact {
          value: "\000"
        }
      }
      match {
        field_id: 1
        lpm {
          value: "\n\000\002\002"
          prefix_len: 32
        }
      }
      action {
        action {
          action_id: 16799317
          params {
            param_id: 1
            value: "\010\000\000\000\002\000"
          }
          params {
            param_id: 2
            value: "\000\001"
          }
        }
      }
    }
  }
}
[18:26:41.125] [bmv2] [D] [thread 3053] Entry 12 added to table 'MyIngress.ipv4_lpm'
[18:26:41.125] [bmv2] [D] [thread 3053] Dumping entry 12
Match key:
* hdr.ipv4.dstAddr    : LPM       0a000202/32
* meta.output_tag_id  : EXACT     00
Action entry: MyIngress.ipv4_forward - 80000000200,1,

P4Runtime Write
device_id: 8
election_id {
  low: 1
}
updates {
  type: INSERT
  entity {
    table_entry {
      table_id: 33574068
      match {
        field_id: 2
        exact {
          value: "\001"
        }
      }
      match {
        field_id: 1
        lpm {
          value: "\n\000\002\002"
          prefix_len: 32
        }
      }
      action {
        action {
          action_id: 16799317
          params {
            param_id: 1
            value: "\010\000\000\000\002\000"
          }
          params {
            param_id: 2
            value: "\000\002"
          }
        }
      }
    }
  }
}
[18:26:41.127] [bmv2] [D] [thread 3053] Entry 13 added to table 'MyIngress.ipv4_lpm'
[18:26:41.127] [bmv2] [D] [thread 3053] Dumping entry 13
Match key:
* hdr.ipv4.dstAddr    : LPM       0a000202/32
* meta.output_tag_id  : EXACT     01
Action entry: MyIngress.ipv4_forward - 80000000200,2,

P4Runtime Write
device_id: 8
election_id {
  low: 1
}
updates {
  type: INSERT
  entity {
    table_entry {
      table_id: 33574068
      match {
        field_id: 2
        exact {
          value: "\000"
        }
      }
      match {
        field_id: 1
        lpm {
          value: "\n\000\002\003"
          prefix_len: 32
        }
      }
      action {
        action {
          action_id: 16799317
          params {
            param_id: 1
            value: "\010\000\000\000\002\000"
          }
          params {
            param_id: 2
            value: "\000\001"
          }
        }
      }
    }
  }
}
[18:26:41.128] [bmv2] [D] [thread 3053] Entry 14 added to table 'MyIngress.ipv4_lpm'
[18:26:41.129] [bmv2] [D] [thread 3053] Dumping entry 14
Match key:
* hdr.ipv4.dstAddr    : LPM       0a000203/32
* meta.output_tag_id  : EXACT     00
Action entry: MyIngress.ipv4_forward - 80000000200,1,

P4Runtime Write
device_id: 8
election_id {
  low: 1
}
updates {
  type: INSERT
  entity {
    table_entry {
      table_id: 33574068
      match {
        field_id: 2
        exact {
          value: "\001"
        }
      }
      match {
        field_id: 1
        lpm {
          value: "\n\000\002\003"
          prefix_len: 32
        }
      }
      action {
        action {
          action_id: 16799317
          params {
            param_id: 1
            value: "\010\000\000\000\002\000"
          }
          params {
            param_id: 2
            value: "\000\002"
          }
        }
      }
    }
  }
}
[18:26:41.130] [bmv2] [D] [thread 3053] Entry 15 added to table 'MyIngress.ipv4_lpm'
[18:26:41.130] [bmv2] [D] [thread 3053] Dumping entry 15
Match key:
* hdr.ipv4.dstAddr    : LPM       0a000203/32
* meta.output_tag_id  : EXACT     01
Action entry: MyIngress.ipv4_forward - 80000000200,2,

P4Runtime Write
device_id: 8
election_id {
  low: 1
}
updates {
  type: INSERT
  entity {
    table_entry {
      table_id: 33574068
      match {
        field_id: 2
        exact {
          value: "\000"
        }
      }
      match {
        field_id: 1
        lpm {
          value: "\n\000\002\004"
          prefix_len: 32
        }
      }
      action {
        action {
          action_id: 16799317
          params {
            param_id: 1
            value: "\010\000\000\000\002\000"
          }
          params {
            param_id: 2
            value: "\000\001"
          }
        }
      }
    }
  }
}
[18:26:41.132] [bmv2] [D] [thread 3053] Entry 16 added to table 'MyIngress.ipv4_lpm'
[18:26:41.132] [bmv2] [D] [thread 3053] Dumping entry 16
Match key:
* hdr.ipv4.dstAddr    : LPM       0a000204/32
* meta.output_tag_id  : EXACT     00
Action entry: MyIngress.ipv4_forward - 80000000200,1,

P4Runtime Write
device_id: 8
election_id {
  low: 1
}
updates {
  type: INSERT
  entity {
    table_entry {
      table_id: 33574068
      match {
        field_id: 2
        exact {
          value: "\001"
        }
      }
      match {
        field_id: 1
        lpm {
          value: "\n\000\002\004"
          prefix_len: 32
        }
      }
      action {
        action {
          action_id: 16799317
          params {
            param_id: 1
            value: "\010\000\000\000\002\000"
          }
          params {
            param_id: 2
            value: "\000\002"
          }
        }
      }
    }
  }
}
[18:26:41.134] [bmv2] [D] [thread 3053] Entry 17 added to table 'MyIngress.ipv4_lpm'
[18:26:41.134] [bmv2] [D] [thread 3053] Dumping entry 17
Match key:
* hdr.ipv4.dstAddr    : LPM       0a000204/32
* meta.output_tag_id  : EXACT     01
Action entry: MyIngress.ipv4_forward - 80000000200,2,

P4Runtime Write
device_id: 8
election_id {
  low: 1
}
updates {
  type: INSERT
  entity {
    table_entry {
      table_id: 33574068
      match {
        field_id: 2
        exact {
          value: "\000"
        }
      }
      match {
        field_id: 1
        lpm {
          value: "\n\000\002\005"
          prefix_len: 32
        }
      }
      action {
        action {
          action_id: 16799317
          params {
            param_id: 1
            value: "\010\000\000\000\002\000"
          }
          params {
            param_id: 2
            value: "\000\001"
          }
        }
      }
    }
  }
}
[18:26:41.141] [bmv2] [D] [thread 3053] Entry 18 added to table 'MyIngress.ipv4_lpm'
[18:26:41.141] [bmv2] [D] [thread 3053] Dumping entry 18
Match key:
* hdr.ipv4.dstAddr    : LPM       0a000205/32
* meta.output_tag_id  : EXACT     00
Action entry: MyIngress.ipv4_forward - 80000000200,1,

P4Runtime Write
device_id: 8
election_id {
  low: 1
}
updates {
  type: INSERT
  entity {
    table_entry {
      table_id: 33574068
      match {
        field_id: 2
        exact {
          value: "\001"
        }
      }
      match {
        field_id: 1
        lpm {
          value: "\n\000\002\005"
          prefix_len: 32
        }
      }
      action {
        action {
          action_id: 16799317
          params {
            param_id: 1
            value: "\010\000\000\000\002\000"
          }
          params {
            param_id: 2
            value: "\000\002"
          }
        }
      }
    }
  }
}
[18:26:41.153] [bmv2] [D] [thread 3053] Entry 19 added to table 'MyIngress.ipv4_lpm'
[18:26:41.153] [bmv2] [D] [thread 3053] Dumping entry 19
Match key:
* hdr.ipv4.dstAddr    : LPM       0a000205/32
* meta.output_tag_id  : EXACT     01
Action entry: MyIngress.ipv4_forward - 80000000200,2,

P4Runtime Write
device_id: 8
election_id {
  low: 1
}
updates {
  type: INSERT
  entity {
    table_entry {
      table_id: 33574068
      match {
        field_id: 2
        exact {
          value: "\000"
        }
      }
      match {
        field_id: 1
        lpm {
          value: "\n\000\003\001"
          prefix_len: 32
        }
      }
      action {
        action {
          action_id: 16799317
          params {
            param_id: 1
            value: "\010\000\000\000\003\000"
          }
          params {
            param_id: 2
            value: "\000\001"
          }
        }
      }
    }
  }
}
[18:26:41.158] [bmv2] [D] [thread 3007] Entry 20 added to table 'MyIngress.ipv4_lpm'
[18:26:41.158] [bmv2] [D] [thread 3007] Dumping entry 20
Match key:
* hdr.ipv4.dstAddr    : LPM       0a000301/32
* meta.output_tag_id  : EXACT     00
Action entry: MyIngress.ipv4_forward - 80000000300,1,

P4Runtime Write
device_id: 8
election_id {
  low: 1
}
updates {
  type: INSERT
  entity {
    table_entry {
      table_id: 33574068
      match {
        field_id: 2
        exact {
          value: "\001"
        }
      }
      match {
        field_id: 1
        lpm {
          value: "\n\000\003\001"
          prefix_len: 32
        }
      }
      action {
        action {
          action_id: 16799317
          params {
            param_id: 1
            value: "\010\000\000\000\003\000"
          }
          params {
            param_id: 2
            value: "\000\002"
          }
        }
      }
    }
  }
}
[18:26:41.161] [bmv2] [D] [thread 3053] Entry 21 added to table 'MyIngress.ipv4_lpm'
[18:26:41.161] [bmv2] [D] [thread 3053] Dumping entry 21
Match key:
* hdr.ipv4.dstAddr    : LPM       0a000301/32
* meta.output_tag_id  : EXACT     01
Action entry: MyIngress.ipv4_forward - 80000000300,2,

P4Runtime Write
device_id: 8
election_id {
  low: 1
}
updates {
  type: INSERT
  entity {
    table_entry {
      table_id: 33574068
      match {
        field_id: 2
        exact {
          value: "\000"
        }
      }
      match {
        field_id: 1
        lpm {
          value: "\n\000\003\002"
          prefix_len: 32
        }
      }
      action {
        action {
          action_id: 16799317
          params {
            param_id: 1
            value: "\010\000\000\000\003\000"
          }
          params {
            param_id: 2
            value: "\000\001"
          }
        }
      }
    }
  }
}
[18:26:41.163] [bmv2] [D] [thread 3064] Entry 22 added to table 'MyIngress.ipv4_lpm'
[18:26:41.163] [bmv2] [D] [thread 3064] Dumping entry 22
Match key:
* hdr.ipv4.dstAddr    : LPM       0a000302/32
* meta.output_tag_id  : EXACT     00
Action entry: MyIngress.ipv4_forward - 80000000300,1,

P4Runtime Write
device_id: 8
election_id {
  low: 1
}
updates {
  type: INSERT
  entity {
    table_entry {
      table_id: 33574068
      match {
        field_id: 2
        exact {
          value: "\001"
        }
      }
      match {
        field_id: 1
        lpm {
          value: "\n\000\003\002"
          prefix_len: 32
        }
      }
      action {
        action {
          action_id: 16799317
          params {
            param_id: 1
            value: "\010\000\000\000\003\000"
          }
          params {
            param_id: 2
            value: "\000\002"
          }
        }
      }
    }
  }
}
[18:26:41.165] [bmv2] [D] [thread 3064] Entry 23 added to table 'MyIngress.ipv4_lpm'
[18:26:41.165] [bmv2] [D] [thread 3064] Dumping entry 23
Match key:
* hdr.ipv4.dstAddr    : LPM       0a000302/32
* meta.output_tag_id  : EXACT     01
Action entry: MyIngress.ipv4_forward - 80000000300,2,

P4Runtime Write
device_id: 8
election_id {
  low: 1
}
updates {
  type: INSERT
  entity {
    table_entry {
      table_id: 33574068
      match {
        field_id: 2
        exact {
          value: "\000"
        }
      }
      match {
        field_id: 1
        lpm {
          value: "\n\000\003\003"
          prefix_len: 32
        }
      }
      action {
        action {
          action_id: 16799317
          params {
            param_id: 1
            value: "\010\000\000\000\003\000"
          }
          params {
            param_id: 2
            value: "\000\001"
          }
        }
      }
    }
  }
}
[18:26:41.167] [bmv2] [D] [thread 3064] Entry 24 added to table 'MyIngress.ipv4_lpm'
[18:26:41.168] [bmv2] [D] [thread 3064] Dumping entry 24
Match key:
* hdr.ipv4.dstAddr    : LPM       0a000303/32
* meta.output_tag_id  : EXACT     00
Action entry: MyIngress.ipv4_forward - 80000000300,1,

P4Runtime Write
device_id: 8
election_id {
  low: 1
}
updates {
  type: INSERT
  entity {
    table_entry {
      table_id: 33574068
      match {
        field_id: 2
        exact {
          value: "\001"
        }
      }
      match {
        field_id: 1
        lpm {
          value: "\n\000\003\003"
          prefix_len: 32
        }
      }
      action {
        action {
          action_id: 16799317
          params {
            param_id: 1
            value: "\010\000\000\000\003\000"
          }
          params {
            param_id: 2
            value: "\000\002"
          }
        }
      }
    }
  }
}
[18:26:41.174] [bmv2] [D] [thread 3064] Entry 25 added to table 'MyIngress.ipv4_lpm'
[18:26:41.174] [bmv2] [D] [thread 3064] Dumping entry 25
Match key:
* hdr.ipv4.dstAddr    : LPM       0a000303/32
* meta.output_tag_id  : EXACT     01
Action entry: MyIngress.ipv4_forward - 80000000300,2,

P4Runtime Write
device_id: 8
election_id {
  low: 1
}
updates {
  type: INSERT
  entity {
    table_entry {
      table_id: 33574068
      match {
        field_id: 2
        exact {
          value: "\000"
        }
      }
      match {
        field_id: 1
        lpm {
          value: "\n\000\003\004"
          prefix_len: 32
        }
      }
      action {
        action {
          action_id: 16799317
          params {
            param_id: 1
            value: "\010\000\000\000\003\000"
          }
          params {
            param_id: 2
            value: "\000\001"
          }
        }
      }
    }
  }
}
[18:26:41.176] [bmv2] [D] [thread 3064] Entry 26 added to table 'MyIngress.ipv4_lpm'
[18:26:41.176] [bmv2] [D] [thread 3064] Dumping entry 26
Match key:
* hdr.ipv4.dstAddr    : LPM       0a000304/32
* meta.output_tag_id  : EXACT     00
Action entry: MyIngress.ipv4_forward - 80000000300,1,

P4Runtime Write
device_id: 8
election_id {
  low: 1
}
updates {
  type: INSERT
  entity {
    table_entry {
      table_id: 33574068
      match {
        field_id: 2
        exact {
          value: "\001"
        }
      }
      match {
        field_id: 1
        lpm {
          value: "\n\000\003\004"
          prefix_len: 32
        }
      }
      action {
        action {
          action_id: 16799317
          params {
            param_id: 1
            value: "\010\000\000\000\003\000"
          }
          params {
            param_id: 2
            value: "\000\002"
          }
        }
      }
    }
  }
}
[18:26:41.178] [bmv2] [D] [thread 3064] Entry 27 added to table 'MyIngress.ipv4_lpm'
[18:26:41.178] [bmv2] [D] [thread 3064] Dumping entry 27
Match key:
* hdr.ipv4.dstAddr    : LPM       0a000304/32
* meta.output_tag_id  : EXACT     01
Action entry: MyIngress.ipv4_forward - 80000000300,2,

P4Runtime Write
device_id: 8
election_id {
  low: 1
}
updates {
  type: INSERT
  entity {
    table_entry {
      table_id: 33574068
      match {
        field_id: 2
        exact {
          value: "\000"
        }
      }
      match {
        field_id: 1
        lpm {
          value: "\n\000\004\001"
          prefix_len: 32
        }
      }
      action {
        action {
          action_id: 16799317
          params {
            param_id: 1
            value: "\010\000\000\000\004\000"
          }
          params {
            param_id: 2
            value: "\000\001"
          }
        }
      }
    }
  }
}
[18:26:41.180] [bmv2] [D] [thread 3064] Entry 28 added to table 'MyIngress.ipv4_lpm'
[18:26:41.180] [bmv2] [D] [thread 3064] Dumping entry 28
Match key:
* hdr.ipv4.dstAddr    : LPM       0a000401/32
* meta.output_tag_id  : EXACT     00
Action entry: MyIngress.ipv4_forward - 80000000400,1,

P4Runtime Write
device_id: 8
election_id {
  low: 1
}
updates {
  type: INSERT
  entity {
    table_entry {
      table_id: 33574068
      match {
        field_id: 2
        exact {
          value: "\001"
        }
      }
      match {
        field_id: 1
        lpm {
          value: "\n\000\004\001"
          prefix_len: 32
        }
      }
      action {
        action {
          action_id: 16799317
          params {
            param_id: 1
            value: "\010\000\000\000\004\000"
          }
          params {
            param_id: 2
            value: "\000\002"
          }
        }
      }
    }
  }
}
[18:26:41.182] [bmv2] [D] [thread 3064] Entry 29 added to table 'MyIngress.ipv4_lpm'
[18:26:41.182] [bmv2] [D] [thread 3064] Dumping entry 29
Match key:
* hdr.ipv4.dstAddr    : LPM       0a000401/32
* meta.output_tag_id  : EXACT     01
Action entry: MyIngress.ipv4_forward - 80000000400,2,

P4Runtime Write
device_id: 8
election_id {
  low: 1
}
updates {
  type: INSERT
  entity {
    table_entry {
      table_id: 33574068
      match {
        field_id: 2
        exact {
          value: "\000"
        }
      }
      match {
        field_id: 1
        lpm {
          value: "\n\000\004\002"
          prefix_len: 32
        }
      }
      action {
        action {
          action_id: 16799317
          params {
            param_id: 1
            value: "\010\000\000\000\004\000"
          }
          params {
            param_id: 2
            value: "\000\001"
          }
        }
      }
    }
  }
}
[18:26:41.184] [bmv2] [D] [thread 3064] Entry 30 added to table 'MyIngress.ipv4_lpm'
[18:26:41.184] [bmv2] [D] [thread 3064] Dumping entry 30
Match key:
* hdr.ipv4.dstAddr    : LPM       0a000402/32
* meta.output_tag_id  : EXACT     00
Action entry: MyIngress.ipv4_forward - 80000000400,1,

P4Runtime Write
device_id: 8
election_id {
  low: 1
}
updates {
  type: INSERT
  entity {
    table_entry {
      table_id: 33574068
      match {
        field_id: 2
        exact {
          value: "\001"
        }
      }
      match {
        field_id: 1
        lpm {
          value: "\n\000\004\002"
          prefix_len: 32
        }
      }
      action {
        action {
          action_id: 16799317
          params {
            param_id: 1
            value: "\010\000\000\000\004\000"
          }
          params {
            param_id: 2
            value: "\000\002"
          }
        }
      }
    }
  }
}
[18:26:41.186] [bmv2] [D] [thread 3064] Entry 31 added to table 'MyIngress.ipv4_lpm'
[18:26:41.186] [bmv2] [D] [thread 3064] Dumping entry 31
Match key:
* hdr.ipv4.dstAddr    : LPM       0a000402/32
* meta.output_tag_id  : EXACT     01
Action entry: MyIngress.ipv4_forward - 80000000400,2,

P4Runtime Write
device_id: 8
election_id {
  low: 1
}
updates {
  type: INSERT
  entity {
    table_entry {
      table_id: 33574068
      match {
        field_id: 2
        exact {
          value: "\000"
        }
      }
      match {
        field_id: 1
        lpm {
          value: "\n\000\004\003"
          prefix_len: 32
        }
      }
      action {
        action {
          action_id: 16799317
          params {
            param_id: 1
            value: "\010\000\000\000\004\000"
          }
          params {
            param_id: 2
            value: "\000\001"
          }
        }
      }
    }
  }
}
[18:26:41.188] [bmv2] [D] [thread 3064] Entry 32 added to table 'MyIngress.ipv4_lpm'
[18:26:41.188] [bmv2] [D] [thread 3064] Dumping entry 32
Match key:
* hdr.ipv4.dstAddr    : LPM       0a000403/32
* meta.output_tag_id  : EXACT     00
Action entry: MyIngress.ipv4_forward - 80000000400,1,

P4Runtime Write
device_id: 8
election_id {
  low: 1
}
updates {
  type: INSERT
  entity {
    table_entry {
      table_id: 33574068
      match {
        field_id: 2
        exact {
          value: "\001"
        }
      }
      match {
        field_id: 1
        lpm {
          value: "\n\000\004\003"
          prefix_len: 32
        }
      }
      action {
        action {
          action_id: 16799317
          params {
            param_id: 1
            value: "\010\000\000\000\004\000"
          }
          params {
            param_id: 2
            value: "\000\002"
          }
        }
      }
    }
  }
}
[18:26:41.190] [bmv2] [D] [thread 3064] Entry 33 added to table 'MyIngress.ipv4_lpm'
[18:26:41.190] [bmv2] [D] [thread 3064] Dumping entry 33
Match key:
* hdr.ipv4.dstAddr    : LPM       0a000403/32
* meta.output_tag_id  : EXACT     01
Action entry: MyIngress.ipv4_forward - 80000000400,2,

P4Runtime Write
device_id: 8
election_id {
  low: 1
}
updates {
  type: INSERT
  entity {
    table_entry {
      table_id: 33574068
      match {
        field_id: 2
        exact {
          value: "\000"
        }
      }
      match {
        field_id: 1
        lpm {
          value: "\n\000\004\004"
          prefix_len: 32
        }
      }
      action {
        action {
          action_id: 16799317
          params {
            param_id: 1
            value: "\010\000\000\000\004\000"
          }
          params {
            param_id: 2
            value: "\000\001"
          }
        }
      }
    }
  }
}
[18:26:41.192] [bmv2] [D] [thread 3064] Entry 34 added to table 'MyIngress.ipv4_lpm'
[18:26:41.192] [bmv2] [D] [thread 3064] Dumping entry 34
Match key:
* hdr.ipv4.dstAddr    : LPM       0a000404/32
* meta.output_tag_id  : EXACT     00
Action entry: MyIngress.ipv4_forward - 80000000400,1,

P4Runtime Write
device_id: 8
election_id {
  low: 1
}
updates {
  type: INSERT
  entity {
    table_entry {
      table_id: 33574068
      match {
        field_id: 2
        exact {
          value: "\001"
        }
      }
      match {
        field_id: 1
        lpm {
          value: "\n\000\004\004"
          prefix_len: 32
        }
      }
      action {
        action {
          action_id: 16799317
          params {
            param_id: 1
            value: "\010\000\000\000\004\000"
          }
          params {
            param_id: 2
            value: "\000\002"
          }
        }
      }
    }
  }
}
[18:26:41.194] [bmv2] [D] [thread 3064] Entry 35 added to table 'MyIngress.ipv4_lpm'
[18:26:41.194] [bmv2] [D] [thread 3064] Dumping entry 35
Match key:
* hdr.ipv4.dstAddr    : LPM       0a000404/32
* meta.output_tag_id  : EXACT     01
Action entry: MyIngress.ipv4_forward - 80000000400,2,

