Calling target program-options parser
[18:26:19.993] [bmv2] [D] [thread 2904] Set default default entry for table 'MyIngress.switch_config_params': NoAction - 
[18:26:19.993] [bmv2] [D] [thread 2904] Set default default entry for table 'tbl_act': act_12 - 
[18:26:19.993] [bmv2] [D] [thread 2904] Set default default entry for table 'tbl_act_0': act_0 - 
[18:26:19.993] [bmv2] [D] [thread 2904] Set default default entry for table 'tbl_act_1': act - 
[18:26:19.993] [bmv2] [D] [thread 2904] Set default default entry for table 'tbl_act_2': act_1 - 
[18:26:19.993] [bmv2] [D] [thread 2904] Set default default entry for table 'tbl_act_3': act_10 - 
[18:26:19.993] [bmv2] [D] [thread 2904] Set default default entry for table 'tbl_act_4': act_2 - 
[18:26:19.993] [bmv2] [D] [thread 2904] Set default default entry for table 'tbl_act_5': act_3 - 
[18:26:19.993] [bmv2] [D] [thread 2904] Set default default entry for table 'tbl_act_6': act_4 - 
[18:26:19.993] [bmv2] [D] [thread 2904] Set default default entry for table 'tbl_act_7': act_5 - 
[18:26:19.993] [bmv2] [D] [thread 2904] Set default default entry for table 'tbl_act_8': act_6 - 
[18:26:19.993] [bmv2] [D] [thread 2904] Set default default entry for table 'tbl_act_9': act_7 - 
[18:26:19.993] [bmv2] [D] [thread 2904] Set default default entry for table 'tbl_act_10': act_8 - 
[18:26:19.993] [bmv2] [D] [thread 2904] Set default default entry for table 'tbl_act_11': act_9 - 
[18:26:19.993] [bmv2] [D] [thread 2904] Set default default entry for table 'tbl_act_12': act_11 - 
[18:26:19.993] [bmv2] [D] [thread 2904] Set default default entry for table 'tbl_act_13': act_13 - 
[18:26:19.993] [bmv2] [D] [thread 2904] Set default default entry for table 'MyIngress.output_tag_id_exact': MyIngress.drop - 
[18:26:19.993] [bmv2] [D] [thread 2904] Set default default entry for table 'tbl_unset_wecmp_header': MyIngress.unset_wecmp_header - 
[18:26:19.993] [bmv2] [D] [thread 2904] Set default default entry for table 'tbl_act_14': act_14 - 
[18:26:19.993] [bmv2] [D] [thread 2904] Set default default entry for table 'tbl_act_15': act_16 - 
[18:26:19.993] [bmv2] [D] [thread 2904] Set default default entry for table 'tbl_act_16': act_15 - 
[18:26:19.994] [bmv2] [D] [thread 2904] Set default default entry for table 'MyIngress.ipv4_lpm': MyIngress.drop - 
[18:26:19.994] [bmv2] [D] [thread 2904] Set default default entry for table 'tbl_record_bytes': MyIngress.record_bytes - 
Adding interface stor22-eth1 as port 1
[18:26:19.996] [bmv2] [D] [thread 2904] Adding interface stor22-eth1 as port 1
Adding interface stor22-eth3 as port 3
[18:26:20.029] [bmv2] [D] [thread 2904] Adding interface stor22-eth3 as port 3
Adding interface stor22-eth4 as port 4
[18:26:20.042] [bmv2] [D] [thread 2904] Adding interface stor22-eth4 as port 4
Adding interface stor22-eth5 as port 5
[18:26:20.058] [bmv2] [D] [thread 2904] Adding interface stor22-eth5 as port 5
Adding interface stor22-eth6 as port 6
[18:26:20.080] [bmv2] [D] [thread 2904] Adding interface stor22-eth6 as port 6
I0516 18:26:20.096118607    2904 server_builder.cc:247]      Synchronous server. Num CQs: 1, Min pollers: 1, Max Pollers: 2147483647, CQ timeout (msec): 1000
Server listening on 0.0.0.0:50060
[18:26:20.106] [bmv2] [I] [thread 2904] Starting Thrift server on port 9099
[18:26:20.106] [bmv2] [I] [thread 2904] Thrift server was started
[18:26:20.912] [bmv2] [D] [thread 2911] [0.0] [cxt 0] Processing packet received on port 6
[18:26:20.912] [bmv2] [D] [thread 2911] [0.0] [cxt 0] Parser 'parser': start
[18:26:20.912] [bmv2] [D] [thread 2911] [0.0] [cxt 0] Parser 'parser' entering state 'start'
[18:26:20.912] [bmv2] [D] [thread 2911] [0.0] [cxt 0] Extracting header 'ethernet'
[18:26:20.912] [bmv2] [D] [thread 2911] [0.0] [cxt 0] Parser state 'start': key is 86dd
[18:26:20.912] [bmv2] [T] [thread 2911] [0.0] [cxt 0] Bytes parsed: 14
[18:26:20.913] [bmv2] [D] [thread 2911] [0.0] [cxt 0] Parser 'parser': end
[18:26:20.913] [bmv2] [D] [thread 2911] [0.0] [cxt 0] Pipeline 'ingress': start
[18:26:20.913] [bmv2] [T] [thread 2911] [0.0] [cxt 0] Applying table 'MyIngress.switch_config_params'
[18:26:20.913] [bmv2] [D] [thread 2911] [0.0] [cxt 0] Looking up key:

[18:26:20.913] [bmv2] [D] [thread 2911] [0.0] [cxt 0] Table 'MyIngress.switch_config_params': miss
[18:26:20.913] [bmv2] [D] [thread 2911] [0.0] [cxt 0] Action entry is NoAction - 
[18:26:20.913] [bmv2] [T] [thread 2911] [0.0] [cxt 0] Action NoAction
[18:26:20.913] [bmv2] [T] [thread 2911] [0.0] [cxt 0] load_balance.p4(369) Condition "hdr.wecmp.isValid()" (node_3) is false
[18:26:20.913] [bmv2] [T] [thread 2911] [0.0] [cxt 0] load_balance.p4(550) Condition "hdr.ipv4.isValid()" (node_34) is false
[18:26:20.913] [bmv2] [T] [thread 2911] [0.0] [cxt 0] Applying table 'tbl_record_bytes'
[18:26:20.913] [bmv2] [D] [thread 2911] [0.0] [cxt 0] Looking up key:

[18:26:20.913] [bmv2] [D] [thread 2911] [0.0] [cxt 0] Table 'tbl_record_bytes': miss
[18:26:20.913] [bmv2] [D] [thread 2911] [0.0] [cxt 0] Action entry is MyIngress.record_bytes - 
[18:26:20.913] [bmv2] [T] [thread 2911] [0.0] [cxt 0] Action MyIngress.record_bytes
[18:26:20.913] [bmv2] [T] [thread 2911] [0.0] [cxt 0] load_balance.p4(189) Primitive (bit<32>)standard_metadata.ingress_port
[18:26:20.913] [bmv2] [T] [thread 2911] [0.0] [cxt 0] load_balance.p4(189) Primitive byte_cnt_reg.read(byte_cnt, (bit<32>)standard_metadata.ingress_port)
[18:26:20.913] [bmv2] [E] [thread 2911] [0.0] [cxt 0] Attempted to read register 'MyIngress.byte_cnt_reg' with size 3 at out-of-bounds index 6.  Dest field was not updated.
[18:26:20.913] [bmv2] [T] [thread 2911] [0.0] [cxt 0] load_balance.p4(190) Primitive byte_cnt = byte_cnt + (bit<48>)standard_metadata.packet_length
[18:26:20.913] [bmv2] [T] [thread 2911] [0.0] [cxt 0] load_balance.p4(191) Primitive (bit<32>)standard_metadata.ingress_port
[18:26:20.913] [bmv2] [T] [thread 2911] [0.0] [cxt 0] load_balance.p4(191) Primitive byte_cnt_reg.write((bit<32>)standard_metadata.ingress_port, byte_cnt)
[18:26:20.913] [bmv2] [E] [thread 2911] [0.0] [cxt 0] Attempted to write register 'MyIngress.byte_cnt_reg' with size 3 at out-of-bounds index 6.  No register array elements were updated.
[18:26:20.913] [bmv2] [D] [thread 2911] [0.0] [cxt 0] Pipeline 'ingress': end
[18:26:20.913] [bmv2] [D] [thread 2911] [0.0] [cxt 0] Egress port is 0
[18:26:20.913] [bmv2] [D] [thread 2912] [0.0] [cxt 0] Pipeline 'egress': start
[18:26:20.913] [bmv2] [D] [thread 2912] [0.0] [cxt 0] Pipeline 'egress': end
[18:26:20.913] [bmv2] [D] [thread 2912] [0.0] [cxt 0] Deparser 'deparser': start
[18:26:20.913] [bmv2] [T] [thread 2912] [0.0] [cxt 0] Skipping checksum 'cksum' update because condition not met
[18:26:20.913] [bmv2] [D] [thread 2912] [0.0] [cxt 0] Deparsing header 'ethernet'
[18:26:20.913] [bmv2] [D] [thread 2912] [0.0] [cxt 0] Deparser 'deparser': end
[18:26:20.913] [bmv2] [D] [thread 2916] [0.0] [cxt 0] Transmitting packet of size 70 out of port 0
[18:26:21.456] [bmv2] [D] [thread 2911] [1.0] [cxt 0] Processing packet received on port 5
[18:26:21.456] [bmv2] [D] [thread 2911] [1.0] [cxt 0] Parser 'parser': start
[18:26:21.456] [bmv2] [D] [thread 2911] [1.0] [cxt 0] Parser 'parser' entering state 'start'
[18:26:21.456] [bmv2] [D] [thread 2911] [1.0] [cxt 0] Extracting header 'ethernet'
[18:26:21.456] [bmv2] [D] [thread 2911] [1.0] [cxt 0] Parser state 'start': key is 86dd
[18:26:21.456] [bmv2] [T] [thread 2911] [1.0] [cxt 0] Bytes parsed: 14
[18:26:21.456] [bmv2] [D] [thread 2911] [1.0] [cxt 0] Parser 'parser': end
[18:26:21.456] [bmv2] [D] [thread 2911] [1.0] [cxt 0] Pipeline 'ingress': start
[18:26:21.456] [bmv2] [T] [thread 2911] [1.0] [cxt 0] Applying table 'MyIngress.switch_config_params'
[18:26:21.456] [bmv2] [D] [thread 2911] [1.0] [cxt 0] Looking up key:

[18:26:21.456] [bmv2] [D] [thread 2911] [1.0] [cxt 0] Table 'MyIngress.switch_config_params': miss
[18:26:21.456] [bmv2] [D] [thread 2911] [1.0] [cxt 0] Action entry is NoAction - 
[18:26:21.456] [bmv2] [T] [thread 2911] [1.0] [cxt 0] Action NoAction
[18:26:21.456] [bmv2] [T] [thread 2911] [1.0] [cxt 0] load_balance.p4(369) Condition "hdr.wecmp.isValid()" (node_3) is false
[18:26:21.456] [bmv2] [T] [thread 2911] [1.0] [cxt 0] load_balance.p4(550) Condition "hdr.ipv4.isValid()" (node_34) is false
[18:26:21.456] [bmv2] [T] [thread 2911] [1.0] [cxt 0] Applying table 'tbl_record_bytes'
[18:26:21.456] [bmv2] [D] [thread 2911] [1.0] [cxt 0] Looking up key:

[18:26:21.456] [bmv2] [D] [thread 2911] [1.0] [cxt 0] Table 'tbl_record_bytes': miss
[18:26:21.456] [bmv2] [D] [thread 2911] [1.0] [cxt 0] Action entry is MyIngress.record_bytes - 
[18:26:21.456] [bmv2] [T] [thread 2911] [1.0] [cxt 0] Action MyIngress.record_bytes
[18:26:21.456] [bmv2] [T] [thread 2911] [1.0] [cxt 0] load_balance.p4(189) Primitive (bit<32>)standard_metadata.ingress_port
[18:26:21.456] [bmv2] [T] [thread 2911] [1.0] [cxt 0] load_balance.p4(189) Primitive byte_cnt_reg.read(byte_cnt, (bit<32>)standard_metadata.ingress_port)
[18:26:21.456] [bmv2] [E] [thread 2911] [1.0] [cxt 0] Attempted to read register 'MyIngress.byte_cnt_reg' with size 3 at out-of-bounds index 5.  Dest field was not updated.
[18:26:21.456] [bmv2] [T] [thread 2911] [1.0] [cxt 0] load_balance.p4(190) Primitive byte_cnt = byte_cnt + (bit<48>)standard_metadata.packet_length
[18:26:21.456] [bmv2] [T] [thread 2911] [1.0] [cxt 0] load_balance.p4(191) Primitive (bit<32>)standard_metadata.ingress_port
[18:26:21.456] [bmv2] [T] [thread 2911] [1.0] [cxt 0] load_balance.p4(191) Primitive byte_cnt_reg.write((bit<32>)standard_metadata.ingress_port, byte_cnt)
[18:26:21.456] [bmv2] [E] [thread 2911] [1.0] [cxt 0] Attempted to write register 'MyIngress.byte_cnt_reg' with size 3 at out-of-bounds index 5.  No register array elements were updated.
[18:26:21.456] [bmv2] [D] [thread 2911] [1.0] [cxt 0] Pipeline 'ingress': end
[18:26:21.456] [bmv2] [D] [thread 2911] [1.0] [cxt 0] Egress port is 0
[18:26:21.456] [bmv2] [D] [thread 2912] [1.0] [cxt 0] Pipeline 'egress': start
[18:26:21.456] [bmv2] [D] [thread 2912] [1.0] [cxt 0] Pipeline 'egress': end
[18:26:21.456] [bmv2] [D] [thread 2912] [1.0] [cxt 0] Deparser 'deparser': start
[18:26:21.456] [bmv2] [T] [thread 2912] [1.0] [cxt 0] Skipping checksum 'cksum' update because condition not met
[18:26:21.456] [bmv2] [D] [thread 2912] [1.0] [cxt 0] Deparsing header 'ethernet'
[18:26:21.456] [bmv2] [D] [thread 2912] [1.0] [cxt 0] Deparser 'deparser': end
[18:26:21.456] [bmv2] [D] [thread 2916] [1.0] [cxt 0] Transmitting packet of size 70 out of port 0
[18:26:21.656] [bmv2] [D] [thread 2911] [2.0] [cxt 0] Processing packet received on port 3
[18:26:21.656] [bmv2] [D] [thread 2911] [2.0] [cxt 0] Parser 'parser': start
[18:26:21.656] [bmv2] [D] [thread 2911] [2.0] [cxt 0] Parser 'parser' entering state 'start'
[18:26:21.656] [bmv2] [D] [thread 2911] [2.0] [cxt 0] Extracting header 'ethernet'
[18:26:21.656] [bmv2] [D] [thread 2911] [2.0] [cxt 0] Parser state 'start': key is 86dd
[18:26:21.656] [bmv2] [T] [thread 2911] [2.0] [cxt 0] Bytes parsed: 14
[18:26:21.656] [bmv2] [D] [thread 2911] [2.0] [cxt 0] Parser 'parser': end
[18:26:21.656] [bmv2] [D] [thread 2911] [2.0] [cxt 0] Pipeline 'ingress': start
[18:26:21.656] [bmv2] [T] [thread 2911] [2.0] [cxt 0] Applying table 'MyIngress.switch_config_params'
[18:26:21.656] [bmv2] [D] [thread 2911] [2.0] [cxt 0] Looking up key:

[18:26:21.656] [bmv2] [D] [thread 2911] [2.0] [cxt 0] Table 'MyIngress.switch_config_params': miss
[18:26:21.656] [bmv2] [D] [thread 2911] [2.0] [cxt 0] Action entry is NoAction - 
[18:26:21.656] [bmv2] [T] [thread 2911] [2.0] [cxt 0] Action NoAction
[18:26:21.656] [bmv2] [T] [thread 2911] [2.0] [cxt 0] load_balance.p4(369) Condition "hdr.wecmp.isValid()" (node_3) is false
[18:26:21.656] [bmv2] [T] [thread 2911] [2.0] [cxt 0] load_balance.p4(550) Condition "hdr.ipv4.isValid()" (node_34) is false
[18:26:21.656] [bmv2] [T] [thread 2911] [2.0] [cxt 0] Applying table 'tbl_record_bytes'
[18:26:21.656] [bmv2] [D] [thread 2911] [2.0] [cxt 0] Looking up key:

[18:26:21.656] [bmv2] [D] [thread 2911] [2.0] [cxt 0] Table 'tbl_record_bytes': miss
[18:26:21.656] [bmv2] [D] [thread 2911] [2.0] [cxt 0] Action entry is MyIngress.record_bytes - 
[18:26:21.656] [bmv2] [T] [thread 2911] [2.0] [cxt 0] Action MyIngress.record_bytes
[18:26:21.656] [bmv2] [T] [thread 2911] [2.0] [cxt 0] load_balance.p4(189) Primitive (bit<32>)standard_metadata.ingress_port
[18:26:21.656] [bmv2] [T] [thread 2911] [2.0] [cxt 0] load_balance.p4(189) Primitive byte_cnt_reg.read(byte_cnt, (bit<32>)standard_metadata.ingress_port)
[18:26:21.656] [bmv2] [E] [thread 2911] [2.0] [cxt 0] Attempted to read register 'MyIngress.byte_cnt_reg' with size 3 at out-of-bounds index 3.  Dest field was not updated.
[18:26:21.656] [bmv2] [T] [thread 2911] [2.0] [cxt 0] load_balance.p4(190) Primitive byte_cnt = byte_cnt + (bit<48>)standard_metadata.packet_length
[18:26:21.656] [bmv2] [T] [thread 2911] [2.0] [cxt 0] load_balance.p4(191) Primitive (bit<32>)standard_metadata.ingress_port
[18:26:21.656] [bmv2] [T] [thread 2911] [2.0] [cxt 0] load_balance.p4(191) Primitive byte_cnt_reg.write((bit<32>)standard_metadata.ingress_port, byte_cnt)
[18:26:21.656] [bmv2] [E] [thread 2911] [2.0] [cxt 0] Attempted to write register 'MyIngress.byte_cnt_reg' with size 3 at out-of-bounds index 3.  No register array elements were updated.
[18:26:21.656] [bmv2] [D] [thread 2911] [2.0] [cxt 0] Pipeline 'ingress': end
[18:26:21.656] [bmv2] [D] [thread 2911] [2.0] [cxt 0] Egress port is 0
[18:26:21.656] [bmv2] [D] [thread 2912] [2.0] [cxt 0] Pipeline 'egress': start
[18:26:21.656] [bmv2] [D] [thread 2912] [2.0] [cxt 0] Pipeline 'egress': end
[18:26:21.656] [bmv2] [D] [thread 2912] [2.0] [cxt 0] Deparser 'deparser': start
[18:26:21.656] [bmv2] [T] [thread 2912] [2.0] [cxt 0] Skipping checksum 'cksum' update because condition not met
[18:26:21.656] [bmv2] [D] [thread 2912] [2.0] [cxt 0] Deparsing header 'ethernet'
[18:26:21.656] [bmv2] [D] [thread 2912] [2.0] [cxt 0] Deparser 'deparser': end
[18:26:21.656] [bmv2] [D] [thread 2916] [2.0] [cxt 0] Transmitting packet of size 70 out of port 0
[18:26:21.754] [bmv2] [D] [thread 2911] [3.0] [cxt 0] Processing packet received on port 4
[18:26:21.754] [bmv2] [D] [thread 2911] [3.0] [cxt 0] Parser 'parser': start
[18:26:21.754] [bmv2] [D] [thread 2911] [3.0] [cxt 0] Parser 'parser' entering state 'start'
[18:26:21.754] [bmv2] [D] [thread 2911] [3.0] [cxt 0] Extracting header 'ethernet'
[18:26:21.754] [bmv2] [D] [thread 2911] [3.0] [cxt 0] Parser state 'start': key is 86dd
[18:26:21.754] [bmv2] [T] [thread 2911] [3.0] [cxt 0] Bytes parsed: 14
[18:26:21.754] [bmv2] [D] [thread 2911] [3.0] [cxt 0] Parser 'parser': end
[18:26:21.754] [bmv2] [D] [thread 2911] [3.0] [cxt 0] Pipeline 'ingress': start
[18:26:21.754] [bmv2] [T] [thread 2911] [3.0] [cxt 0] Applying table 'MyIngress.switch_config_params'
[18:26:21.754] [bmv2] [D] [thread 2911] [3.0] [cxt 0] Looking up key:

[18:26:21.754] [bmv2] [D] [thread 2911] [3.0] [cxt 0] Table 'MyIngress.switch_config_params': miss
[18:26:21.754] [bmv2] [D] [thread 2911] [3.0] [cxt 0] Action entry is NoAction - 
[18:26:21.754] [bmv2] [T] [thread 2911] [3.0] [cxt 0] Action NoAction
[18:26:21.754] [bmv2] [T] [thread 2911] [3.0] [cxt 0] load_balance.p4(369) Condition "hdr.wecmp.isValid()" (node_3) is false
[18:26:21.754] [bmv2] [T] [thread 2911] [3.0] [cxt 0] load_balance.p4(550) Condition "hdr.ipv4.isValid()" (node_34) is false
[18:26:21.755] [bmv2] [T] [thread 2911] [3.0] [cxt 0] Applying table 'tbl_record_bytes'
[18:26:21.755] [bmv2] [D] [thread 2911] [3.0] [cxt 0] Looking up key:

[18:26:21.755] [bmv2] [D] [thread 2911] [3.0] [cxt 0] Table 'tbl_record_bytes': miss
[18:26:21.755] [bmv2] [D] [thread 2911] [3.0] [cxt 0] Action entry is MyIngress.record_bytes - 
[18:26:21.755] [bmv2] [T] [thread 2911] [3.0] [cxt 0] Action MyIngress.record_bytes
[18:26:21.755] [bmv2] [T] [thread 2911] [3.0] [cxt 0] load_balance.p4(189) Primitive (bit<32>)standard_metadata.ingress_port
[18:26:21.755] [bmv2] [T] [thread 2911] [3.0] [cxt 0] load_balance.p4(189) Primitive byte_cnt_reg.read(byte_cnt, (bit<32>)standard_metadata.ingress_port)
[18:26:21.755] [bmv2] [E] [thread 2911] [3.0] [cxt 0] Attempted to read register 'MyIngress.byte_cnt_reg' with size 3 at out-of-bounds index 4.  Dest field was not updated.
[18:26:21.755] [bmv2] [T] [thread 2911] [3.0] [cxt 0] load_balance.p4(190) Primitive byte_cnt = byte_cnt + (bit<48>)standard_metadata.packet_length
[18:26:21.755] [bmv2] [T] [thread 2911] [3.0] [cxt 0] load_balance.p4(191) Primitive (bit<32>)standard_metadata.ingress_port
[18:26:21.755] [bmv2] [T] [thread 2911] [3.0] [cxt 0] load_balance.p4(191) Primitive byte_cnt_reg.write((bit<32>)standard_metadata.ingress_port, byte_cnt)
[18:26:21.755] [bmv2] [E] [thread 2911] [3.0] [cxt 0] Attempted to write register 'MyIngress.byte_cnt_reg' with size 3 at out-of-bounds index 4.  No register array elements were updated.
[18:26:21.755] [bmv2] [D] [thread 2911] [3.0] [cxt 0] Pipeline 'ingress': end
[18:26:21.755] [bmv2] [D] [thread 2911] [3.0] [cxt 0] Egress port is 0
[18:26:21.755] [bmv2] [D] [thread 2912] [3.0] [cxt 0] Pipeline 'egress': start
[18:26:21.755] [bmv2] [D] [thread 2912] [3.0] [cxt 0] Pipeline 'egress': end
[18:26:21.755] [bmv2] [D] [thread 2912] [3.0] [cxt 0] Deparser 'deparser': start
[18:26:21.755] [bmv2] [T] [thread 2912] [3.0] [cxt 0] Skipping checksum 'cksum' update because condition not met
[18:26:21.755] [bmv2] [D] [thread 2912] [3.0] [cxt 0] Deparsing header 'ethernet'
[18:26:21.755] [bmv2] [D] [thread 2912] [3.0] [cxt 0] Deparser 'deparser': end
[18:26:21.755] [bmv2] [D] [thread 2916] [3.0] [cxt 0] Transmitting packet of size 70 out of port 0
[18:26:22.129] [bmv2] [D] [thread 2911] [4.0] [cxt 0] Processing packet received on port 1
[18:26:22.129] [bmv2] [D] [thread 2911] [4.0] [cxt 0] Parser 'parser': start
[18:26:22.129] [bmv2] [D] [thread 2911] [4.0] [cxt 0] Parser 'parser' entering state 'start'
[18:26:22.129] [bmv2] [D] [thread 2911] [4.0] [cxt 0] Extracting header 'ethernet'
[18:26:22.129] [bmv2] [D] [thread 2911] [4.0] [cxt 0] Parser state 'start': key is 86dd
[18:26:22.129] [bmv2] [T] [thread 2911] [4.0] [cxt 0] Bytes parsed: 14
[18:26:22.129] [bmv2] [D] [thread 2911] [4.0] [cxt 0] Parser 'parser': end
[18:26:22.129] [bmv2] [D] [thread 2911] [4.0] [cxt 0] Pipeline 'ingress': start
[18:26:22.129] [bmv2] [T] [thread 2911] [4.0] [cxt 0] Applying table 'MyIngress.switch_config_params'
[18:26:22.129] [bmv2] [D] [thread 2911] [4.0] [cxt 0] Looking up key:

[18:26:22.129] [bmv2] [D] [thread 2911] [4.0] [cxt 0] Table 'MyIngress.switch_config_params': miss
[18:26:22.129] [bmv2] [D] [thread 2911] [4.0] [cxt 0] Action entry is NoAction - 
[18:26:22.129] [bmv2] [T] [thread 2911] [4.0] [cxt 0] Action NoAction
[18:26:22.129] [bmv2] [T] [thread 2911] [4.0] [cxt 0] load_balance.p4(369) Condition "hdr.wecmp.isValid()" (node_3) is false
[18:26:22.129] [bmv2] [T] [thread 2911] [4.0] [cxt 0] load_balance.p4(550) Condition "hdr.ipv4.isValid()" (node_34) is false
[18:26:22.129] [bmv2] [T] [thread 2911] [4.0] [cxt 0] Applying table 'tbl_record_bytes'
[18:26:22.129] [bmv2] [D] [thread 2911] [4.0] [cxt 0] Looking up key:

[18:26:22.129] [bmv2] [D] [thread 2911] [4.0] [cxt 0] Table 'tbl_record_bytes': miss
[18:26:22.129] [bmv2] [D] [thread 2911] [4.0] [cxt 0] Action entry is MyIngress.record_bytes - 
[18:26:22.129] [bmv2] [T] [thread 2911] [4.0] [cxt 0] Action MyIngress.record_bytes
[18:26:22.129] [bmv2] [T] [thread 2911] [4.0] [cxt 0] load_balance.p4(189) Primitive (bit<32>)standard_metadata.ingress_port
[18:26:22.129] [bmv2] [T] [thread 2911] [4.0] [cxt 0] load_balance.p4(189) Primitive byte_cnt_reg.read(byte_cnt, (bit<32>)standard_metadata.ingress_port)
[18:26:22.129] [bmv2] [T] [thread 2911] [4.0] [cxt 0] Read register 'MyIngress.byte_cnt_reg' at index 1 read value 0
[18:26:22.129] [bmv2] [T] [thread 2911] [4.0] [cxt 0] load_balance.p4(190) Primitive byte_cnt = byte_cnt + (bit<48>)standard_metadata.packet_length
[18:26:22.129] [bmv2] [T] [thread 2911] [4.0] [cxt 0] load_balance.p4(191) Primitive (bit<32>)standard_metadata.ingress_port
[18:26:22.129] [bmv2] [T] [thread 2911] [4.0] [cxt 0] load_balance.p4(191) Primitive byte_cnt_reg.write((bit<32>)standard_metadata.ingress_port, byte_cnt)
[18:26:22.129] [bmv2] [T] [thread 2911] [4.0] [cxt 0] Wrote register 'MyIngress.byte_cnt_reg' at index 1 with value 70
[18:26:22.129] [bmv2] [D] [thread 2911] [4.0] [cxt 0] Pipeline 'ingress': end
[18:26:22.129] [bmv2] [D] [thread 2911] [4.0] [cxt 0] Egress port is 0
[18:26:22.130] [bmv2] [D] [thread 2912] [4.0] [cxt 0] Pipeline 'egress': start
[18:26:22.130] [bmv2] [D] [thread 2912] [4.0] [cxt 0] Pipeline 'egress': end
[18:26:22.130] [bmv2] [D] [thread 2912] [4.0] [cxt 0] Deparser 'deparser': start
[18:26:22.130] [bmv2] [T] [thread 2912] [4.0] [cxt 0] Skipping checksum 'cksum' update because condition not met
[18:26:22.130] [bmv2] [D] [thread 2912] [4.0] [cxt 0] Deparsing header 'ethernet'
[18:26:22.130] [bmv2] [D] [thread 2912] [4.0] [cxt 0] Deparser 'deparser': end
[18:26:22.130] [bmv2] [D] [thread 2916] [4.0] [cxt 0] Transmitting packet of size 70 out of port 0
[18:26:22.432] [bmv2] [D] [thread 2911] [5.0] [cxt 0] Processing packet received on port 1
[18:26:22.432] [bmv2] [D] [thread 2911] [5.0] [cxt 0] Parser 'parser': start
[18:26:22.432] [bmv2] [D] [thread 2911] [5.0] [cxt 0] Parser 'parser' entering state 'start'
[18:26:22.432] [bmv2] [D] [thread 2911] [5.0] [cxt 0] Extracting header 'ethernet'
[18:26:22.432] [bmv2] [D] [thread 2911] [5.0] [cxt 0] Parser state 'start': key is 86dd
[18:26:22.432] [bmv2] [T] [thread 2911] [5.0] [cxt 0] Bytes parsed: 14
[18:26:22.432] [bmv2] [D] [thread 2911] [5.0] [cxt 0] Parser 'parser': end
[18:26:22.432] [bmv2] [D] [thread 2911] [5.0] [cxt 0] Pipeline 'ingress': start
[18:26:22.432] [bmv2] [T] [thread 2911] [5.0] [cxt 0] Applying table 'MyIngress.switch_config_params'
[18:26:22.432] [bmv2] [D] [thread 2911] [5.0] [cxt 0] Looking up key:

[18:26:22.432] [bmv2] [D] [thread 2911] [5.0] [cxt 0] Table 'MyIngress.switch_config_params': miss
[18:26:22.432] [bmv2] [D] [thread 2911] [5.0] [cxt 0] Action entry is NoAction - 
[18:26:22.432] [bmv2] [T] [thread 2911] [5.0] [cxt 0] Action NoAction
[18:26:22.432] [bmv2] [T] [thread 2911] [5.0] [cxt 0] load_balance.p4(369) Condition "hdr.wecmp.isValid()" (node_3) is false
[18:26:22.432] [bmv2] [T] [thread 2911] [5.0] [cxt 0] load_balance.p4(550) Condition "hdr.ipv4.isValid()" (node_34) is false
[18:26:22.432] [bmv2] [T] [thread 2911] [5.0] [cxt 0] Applying table 'tbl_record_bytes'
[18:26:22.432] [bmv2] [D] [thread 2911] [5.0] [cxt 0] Looking up key:

[18:26:22.432] [bmv2] [D] [thread 2911] [5.0] [cxt 0] Table 'tbl_record_bytes': miss
[18:26:22.432] [bmv2] [D] [thread 2911] [5.0] [cxt 0] Action entry is MyIngress.record_bytes - 
[18:26:22.432] [bmv2] [T] [thread 2911] [5.0] [cxt 0] Action MyIngress.record_bytes
[18:26:22.432] [bmv2] [T] [thread 2911] [5.0] [cxt 0] load_balance.p4(189) Primitive (bit<32>)standard_metadata.ingress_port
[18:26:22.432] [bmv2] [T] [thread 2911] [5.0] [cxt 0] load_balance.p4(189) Primitive byte_cnt_reg.read(byte_cnt, (bit<32>)standard_metadata.ingress_port)
[18:26:22.432] [bmv2] [T] [thread 2911] [5.0] [cxt 0] Read register 'MyIngress.byte_cnt_reg' at index 1 read value 70
[18:26:22.432] [bmv2] [T] [thread 2911] [5.0] [cxt 0] load_balance.p4(190) Primitive byte_cnt = byte_cnt + (bit<48>)standard_metadata.packet_length
[18:26:22.433] [bmv2] [T] [thread 2911] [5.0] [cxt 0] load_balance.p4(191) Primitive (bit<32>)standard_metadata.ingress_port
[18:26:22.433] [bmv2] [T] [thread 2911] [5.0] [cxt 0] load_balance.p4(191) Primitive byte_cnt_reg.write((bit<32>)standard_metadata.ingress_port, byte_cnt)
[18:26:22.433] [bmv2] [T] [thread 2911] [5.0] [cxt 0] Wrote register 'MyIngress.byte_cnt_reg' at index 1 with value 140
[18:26:22.433] [bmv2] [D] [thread 2911] [5.0] [cxt 0] Pipeline 'ingress': end
[18:26:22.433] [bmv2] [D] [thread 2911] [5.0] [cxt 0] Egress port is 0
[18:26:22.433] [bmv2] [D] [thread 2912] [5.0] [cxt 0] Pipeline 'egress': start
[18:26:22.433] [bmv2] [D] [thread 2912] [5.0] [cxt 0] Pipeline 'egress': end
[18:26:22.433] [bmv2] [D] [thread 2912] [5.0] [cxt 0] Deparser 'deparser': start
[18:26:22.433] [bmv2] [T] [thread 2912] [5.0] [cxt 0] Skipping checksum 'cksum' update because condition not met
[18:26:22.433] [bmv2] [D] [thread 2912] [5.0] [cxt 0] Deparsing header 'ethernet'
[18:26:22.433] [bmv2] [D] [thread 2912] [5.0] [cxt 0] Deparser 'deparser': end
[18:26:22.433] [bmv2] [D] [thread 2916] [5.0] [cxt 0] Transmitting packet of size 70 out of port 0
New connection
P4Runtime SetForwardingPipelineConfig
[18:26:40.465] [bmv2] [W] [thread 3011] [P4Runtime] p4::tmp::P4DeviceConfig is deprecated
[18:26:40.472] [bmv2] [D] [thread 3011] Set default default entry for table 'MyIngress.switch_config_params': NoAction - 
[18:26:40.472] [bmv2] [D] [thread 3011] Set default default entry for table 'tbl_act': act_12 - 
[18:26:40.472] [bmv2] [D] [thread 3011] Set default default entry for table 'tbl_act_0': act_0 - 
[18:26:40.472] [bmv2] [D] [thread 3011] Set default default entry for table 'tbl_act_1': act - 
[18:26:40.472] [bmv2] [D] [thread 3011] Set default default entry for table 'tbl_act_2': act_1 - 
[18:26:40.472] [bmv2] [D] [thread 3011] Set default default entry for table 'tbl_act_3': act_10 - 
[18:26:40.472] [bmv2] [D] [thread 3011] Set default default entry for table 'tbl_act_4': act_2 - 
[18:26:40.472] [bmv2] [D] [thread 3011] Set default default entry for table 'tbl_act_5': act_3 - 
[18:26:40.472] [bmv2] [D] [thread 3011] Set default default entry for table 'tbl_act_6': act_4 - 
[18:26:40.472] [bmv2] [D] [thread 3011] Set default default entry for table 'tbl_act_7': act_5 - 
[18:26:40.472] [bmv2] [D] [thread 3011] Set default default entry for table 'tbl_act_8': act_6 - 
[18:26:40.472] [bmv2] [D] [thread 3011] Set default default entry for table 'tbl_act_9': act_7 - 
[18:26:40.472] [bmv2] [D] [thread 3011] Set default default entry for table 'tbl_act_10': act_8 - 
[18:26:40.472] [bmv2] [D] [thread 3011] Set default default entry for table 'tbl_act_11': act_9 - 
[18:26:40.472] [bmv2] [D] [thread 3011] Set default default entry for table 'tbl_act_12': act_11 - 
[18:26:40.472] [bmv2] [D] [thread 3011] Set default default entry for table 'tbl_act_13': act_13 - 
[18:26:40.472] [bmv2] [D] [thread 3011] Set default default entry for table 'MyIngress.output_tag_id_exact': MyIngress.drop - 
[18:26:40.472] [bmv2] [D] [thread 3011] Set default default entry for table 'tbl_unset_wecmp_header': MyIngress.unset_wecmp_header - 
[18:26:40.472] [bmv2] [D] [thread 3011] Set default default entry for table 'tbl_act_14': act_14 - 
[18:26:40.472] [bmv2] [D] [thread 3011] Set default default entry for table 'tbl_act_15': act_16 - 
[18:26:40.472] [bmv2] [D] [thread 3011] Set default default entry for table 'tbl_act_16': act_15 - 
[18:26:40.472] [bmv2] [D] [thread 3011] Set default default entry for table 'MyIngress.ipv4_lpm': MyIngress.drop - 
[18:26:40.472] [bmv2] [D] [thread 3011] Set default default entry for table 'tbl_record_bytes': MyIngress.record_bytes - 
P4Runtime Write
device_id: 9
election_id {
  low: 1
}
updates {
  type: INSERT
  entity {
    table_entry {
      table_id: 33564783
      action {
        action {
          action_id: 16828790
          params {
            param_id: 1
            value: "\002"
          }
        }
      }
    }
  }
}
[18:26:41.200] [bmv2] [D] [thread 3011] Entry 0 added to table 'MyIngress.switch_config_params'
[18:26:41.200] [bmv2] [D] [thread 3011] Dumping entry 0
Match key:
Action entry: MyIngress.set_config_parameters - 2,

P4Runtime Write
device_id: 9
election_id {
  low: 1
}
updates {
  type: INSERT
  entity {
    table_entry {
      table_id: 33558852
      match {
        field_id: 1
        exact {
          value: "\000"
        }
      }
      action {
        action {
          action_id: 16816721
          params {
            param_id: 1
            value: "\000\001"
          }
        }
      }
    }
  }
}
[18:26:41.202] [bmv2] [D] [thread 3058] Entry 0 added to table 'MyIngress.output_tag_id_exact'
[18:26:41.202] [bmv2] [D] [thread 3058] Dumping entry 0
Match key:
* meta.output_tag_id  : EXACT     00
Action entry: MyIngress.tag_forward - 1,

P4Runtime Write
device_id: 9
election_id {
  low: 1
}
updates {
  type: INSERT
  entity {
    table_entry {
      table_id: 33558852
      match {
        field_id: 1
        exact {
          value: "\001"
        }
      }
      action {
        action {
          action_id: 16816721
          params {
            param_id: 1
            value: "\000\002"
          }
        }
      }
    }
  }
}
[18:26:41.208] [bmv2] [D] [thread 3058] Entry 1 added to table 'MyIngress.output_tag_id_exact'
[18:26:41.208] [bmv2] [D] [thread 3058] Dumping entry 1
Match key:
* meta.output_tag_id  : EXACT     01
Action entry: MyIngress.tag_forward - 2,

P4Runtime Write
device_id: 9
election_id {
  low: 1
}
updates {
  type: MODIFY
  entity {
    table_entry {
      table_id: 33574068
      action {
        action {
          action_id: 16805608
        }
      }
      is_default_action: true
    }
  }
}
[18:26:41.209] [bmv2] [D] [thread 3058] Set default entry for table 'MyIngress.ipv4_lpm': MyIngress.drop - 
P4Runtime Write
device_id: 9
election_id {
  low: 1
}
updates {
  type: INSERT
  entity {
    table_entry {
      table_id: 33574068
      match {
        field_id: 2
        exact {
          value: "\000"
        }
      }
      match {
        field_id: 1
        lpm {
          value: "\n\000\001\001"
          prefix_len: 32
        }
      }
      action {
        action {
          action_id: 16799317
          params {
            param_id: 1
            value: "\010\000\000\000\001\000"
          }
          params {
            param_id: 2
            value: "\000\001"
          }
        }
      }
    }
  }
}
[18:26:41.212] [bmv2] [D] [thread 3058] Entry 0 added to table 'MyIngress.ipv4_lpm'
[18:26:41.212] [bmv2] [D] [thread 3058] Dumping entry 0
Match key:
* hdr.ipv4.dstAddr    : LPM       0a000101/32
* meta.output_tag_id  : EXACT     00
Action entry: MyIngress.ipv4_forward - 80000000100,1,

P4Runtime Write
device_id: 9
election_id {
  low: 1
}
updates {
  type: INSERT
  entity {
    table_entry {
      table_id: 33574068
      match {
        field_id: 2
        exact {
          value: "\001"
        }
      }
      match {
        field_id: 1
        lpm {
          value: "\n\000\001\001"
          prefix_len: 32
        }
      }
      action {
        action {
          action_id: 16799317
          params {
            param_id: 1
            value: "\010\000\000\000\001\000"
          }
          params {
            param_id: 2
            value: "\000\002"
          }
        }
      }
    }
  }
}
[18:26:41.214] [bmv2] [D] [thread 3058] Entry 1 added to table 'MyIngress.ipv4_lpm'
[18:26:41.214] [bmv2] [D] [thread 3058] Dumping entry 1
Match key:
* hdr.ipv4.dstAddr    : LPM       0a000101/32
* meta.output_tag_id  : EXACT     01
Action entry: MyIngress.ipv4_forward - 80000000100,2,

P4Runtime Write
device_id: 9
election_id {
  low: 1
}
updates {
  type: INSERT
  entity {
    table_entry {
      table_id: 33574068
      match {
        field_id: 2
        exact {
          value: "\000"
        }
      }
      match {
        field_id: 1
        lpm {
          value: "\n\000\001\002"
          prefix_len: 32
        }
      }
      action {
        action {
          action_id: 16799317
          params {
            param_id: 1
            value: "\010\000\000\000\001\000"
          }
          params {
            param_id: 2
            value: "\000\001"
          }
        }
      }
    }
  }
}
[18:26:41.216] [bmv2] [D] [thread 3058] Entry 2 added to table 'MyIngress.ipv4_lpm'
[18:26:41.216] [bmv2] [D] [thread 3058] Dumping entry 2
Match key:
* hdr.ipv4.dstAddr    : LPM       0a000102/32
* meta.output_tag_id  : EXACT     00
Action entry: MyIngress.ipv4_forward - 80000000100,1,

P4Runtime Write
device_id: 9
election_id {
  low: 1
}
updates {
  type: INSERT
  entity {
    table_entry {
      table_id: 33574068
      match {
        field_id: 2
        exact {
          value: "\001"
        }
      }
      match {
        field_id: 1
        lpm {
          value: "\n\000\001\002"
          prefix_len: 32
        }
      }
      action {
        action {
          action_id: 16799317
          params {
            param_id: 1
            value: "\010\000\000\000\001\000"
          }
          params {
            param_id: 2
            value: "\000\002"
          }
        }
      }
    }
  }
}
[18:26:41.219] [bmv2] [D] [thread 3058] Entry 3 added to table 'MyIngress.ipv4_lpm'
[18:26:41.219] [bmv2] [D] [thread 3058] Dumping entry 3
Match key:
* hdr.ipv4.dstAddr    : LPM       0a000102/32
* meta.output_tag_id  : EXACT     01
Action entry: MyIngress.ipv4_forward - 80000000100,2,

P4Runtime Write
device_id: 9
election_id {
  low: 1
}
updates {
  type: INSERT
  entity {
    table_entry {
      table_id: 33574068
      match {
        field_id: 2
        exact {
          value: "\000"
        }
      }
      match {
        field_id: 1
        lpm {
          value: "\n\000\001\003"
          prefix_len: 32
        }
      }
      action {
        action {
          action_id: 16799317
          params {
            param_id: 1
            value: "\010\000\000\000\001\000"
          }
          params {
            param_id: 2
            value: "\000\001"
          }
        }
      }
    }
  }
}
[18:26:41.220] [bmv2] [D] [thread 3058] Entry 4 added to table 'MyIngress.ipv4_lpm'
[18:26:41.220] [bmv2] [D] [thread 3058] Dumping entry 4
Match key:
* hdr.ipv4.dstAddr    : LPM       0a000103/32
* meta.output_tag_id  : EXACT     00
Action entry: MyIngress.ipv4_forward - 80000000100,1,

P4Runtime Write
device_id: 9
election_id {
  low: 1
}
updates {
  type: INSERT
  entity {
    table_entry {
      table_id: 33574068
      match {
        field_id: 2
        exact {
          value: "\001"
        }
      }
      match {
        field_id: 1
        lpm {
          value: "\n\000\001\003"
          prefix_len: 32
        }
      }
      action {
        action {
          action_id: 16799317
          params {
            param_id: 1
            value: "\010\000\000\000\001\000"
          }
          params {
            param_id: 2
            value: "\000\002"
          }
        }
      }
    }
  }
}
[18:26:41.223] [bmv2] [D] [thread 3058] Entry 5 added to table 'MyIngress.ipv4_lpm'
[18:26:41.223] [bmv2] [D] [thread 3058] Dumping entry 5
Match key:
* hdr.ipv4.dstAddr    : LPM       0a000103/32
* meta.output_tag_id  : EXACT     01
Action entry: MyIngress.ipv4_forward - 80000000100,2,

P4Runtime Write
device_id: 9
election_id {
  low: 1
}
updates {
  type: INSERT
  entity {
    table_entry {
      table_id: 33574068
      match {
        field_id: 2
        exact {
          value: "\000"
        }
      }
      match {
        field_id: 1
        lpm {
          value: "\n\000\001\004"
          prefix_len: 32
        }
      }
      action {
        action {
          action_id: 16799317
          params {
            param_id: 1
            value: "\010\000\000\000\001\000"
          }
          params {
            param_id: 2
            value: "\000\001"
          }
        }
      }
    }
  }
}
[18:26:41.224] [bmv2] [D] [thread 3058] Entry 6 added to table 'MyIngress.ipv4_lpm'
[18:26:41.225] [bmv2] [D] [thread 3058] Dumping entry 6
Match key:
* hdr.ipv4.dstAddr    : LPM       0a000104/32
* meta.output_tag_id  : EXACT     00
Action entry: MyIngress.ipv4_forward - 80000000100,1,

P4Runtime Write
device_id: 9
election_id {
  low: 1
}
updates {
  type: INSERT
  entity {
    table_entry {
      table_id: 33574068
      match {
        field_id: 2
        exact {
          value: "\001"
        }
      }
      match {
        field_id: 1
        lpm {
          value: "\n\000\001\004"
          prefix_len: 32
        }
      }
      action {
        action {
          action_id: 16799317
          params {
            param_id: 1
            value: "\010\000\000\000\001\000"
          }
          params {
            param_id: 2
            value: "\000\002"
          }
        }
      }
    }
  }
}
[18:26:41.226] [bmv2] [D] [thread 3058] Entry 7 added to table 'MyIngress.ipv4_lpm'
[18:26:41.226] [bmv2] [D] [thread 3058] Dumping entry 7
Match key:
* hdr.ipv4.dstAddr    : LPM       0a000104/32
* meta.output_tag_id  : EXACT     01
Action entry: MyIngress.ipv4_forward - 80000000100,2,

P4Runtime Write
device_id: 9
election_id {
  low: 1
}
updates {
  type: INSERT
  entity {
    table_entry {
      table_id: 33574068
      match {
        field_id: 2
        exact {
          value: "\000"
        }
      }
      match {
        field_id: 1
        lpm {
          value: "\n\000\002\002"
          prefix_len: 32
        }
      }
      action {
        action {
          action_id: 16799317
          params {
            param_id: 1
            value: "\010\000\000\000\002\000"
          }
          params {
            param_id: 2
            value: "\000\001"
          }
        }
      }
    }
  }
}
[18:26:41.228] [bmv2] [D] [thread 3058] Entry 8 added to table 'MyIngress.ipv4_lpm'
[18:26:41.228] [bmv2] [D] [thread 3058] Dumping entry 8
Match key:
* hdr.ipv4.dstAddr    : LPM       0a000202/32
* meta.output_tag_id  : EXACT     00
Action entry: MyIngress.ipv4_forward - 80000000200,1,

P4Runtime Write
device_id: 9
election_id {
  low: 1
}
updates {
  type: INSERT
  entity {
    table_entry {
      table_id: 33574068
      match {
        field_id: 2
        exact {
          value: "\001"
        }
      }
      match {
        field_id: 1
        lpm {
          value: "\n\000\002\002"
          prefix_len: 32
        }
      }
      action {
        action {
          action_id: 16799317
          params {
            param_id: 1
            value: "\010\000\000\000\002\000"
          }
          params {
            param_id: 2
            value: "\000\002"
          }
        }
      }
    }
  }
}
[18:26:41.230] [bmv2] [D] [thread 3058] Entry 9 added to table 'MyIngress.ipv4_lpm'
[18:26:41.230] [bmv2] [D] [thread 3058] Dumping entry 9
Match key:
* hdr.ipv4.dstAddr    : LPM       0a000202/32
* meta.output_tag_id  : EXACT     01
Action entry: MyIngress.ipv4_forward - 80000000200,2,

P4Runtime Write
device_id: 9
election_id {
  low: 1
}
updates {
  type: INSERT
  entity {
    table_entry {
      table_id: 33574068
      match {
        field_id: 2
        exact {
          value: "\000"
        }
      }
      match {
        field_id: 1
        lpm {
          value: "\n\000\002\003"
          prefix_len: 32
        }
      }
      action {
        action {
          action_id: 16799317
          params {
            param_id: 1
            value: "\010\000\000\000\002\000"
          }
          params {
            param_id: 2
            value: "\000\001"
          }
        }
      }
    }
  }
}
[18:26:41.232] [bmv2] [D] [thread 3058] Entry 10 added to table 'MyIngress.ipv4_lpm'
[18:26:41.232] [bmv2] [D] [thread 3058] Dumping entry 10
Match key:
* hdr.ipv4.dstAddr    : LPM       0a000203/32
* meta.output_tag_id  : EXACT     00
Action entry: MyIngress.ipv4_forward - 80000000200,1,

P4Runtime Write
device_id: 9
election_id {
  low: 1
}
updates {
  type: INSERT
  entity {
    table_entry {
      table_id: 33574068
      match {
        field_id: 2
        exact {
          value: "\001"
        }
      }
      match {
        field_id: 1
        lpm {
          value: "\n\000\002\003"
          prefix_len: 32
        }
      }
      action {
        action {
          action_id: 16799317
          params {
            param_id: 1
            value: "\010\000\000\000\002\000"
          }
          params {
            param_id: 2
            value: "\000\002"
          }
        }
      }
    }
  }
}
[18:26:41.240] [bmv2] [D] [thread 3058] Entry 11 added to table 'MyIngress.ipv4_lpm'
[18:26:41.240] [bmv2] [D] [thread 3058] Dumping entry 11
Match key:
* hdr.ipv4.dstAddr    : LPM       0a000203/32
* meta.output_tag_id  : EXACT     01
Action entry: MyIngress.ipv4_forward - 80000000200,2,

P4Runtime Write
device_id: 9
election_id {
  low: 1
}
updates {
  type: INSERT
  entity {
    table_entry {
      table_id: 33574068
      match {
        field_id: 2
        exact {
          value: "\000"
        }
      }
      match {
        field_id: 1
        lpm {
          value: "\n\000\002\004"
          prefix_len: 32
        }
      }
      action {
        action {
          action_id: 16799317
          params {
            param_id: 1
            value: "\010\000\000\000\002\000"
          }
          params {
            param_id: 2
            value: "\000\001"
          }
        }
      }
    }
  }
}
[18:26:41.244] [bmv2] [D] [thread 3058] Entry 12 added to table 'MyIngress.ipv4_lpm'
[18:26:41.244] [bmv2] [D] [thread 3058] Dumping entry 12
Match key:
* hdr.ipv4.dstAddr    : LPM       0a000204/32
* meta.output_tag_id  : EXACT     00
Action entry: MyIngress.ipv4_forward - 80000000200,1,

P4Runtime Write
device_id: 9
election_id {
  low: 1
}
updates {
  type: INSERT
  entity {
    table_entry {
      table_id: 33574068
      match {
        field_id: 2
        exact {
          value: "\001"
        }
      }
      match {
        field_id: 1
        lpm {
          value: "\n\000\002\004"
          prefix_len: 32
        }
      }
      action {
        action {
          action_id: 16799317
          params {
            param_id: 1
            value: "\010\000\000\000\002\000"
          }
          params {
            param_id: 2
            value: "\000\002"
          }
        }
      }
    }
  }
}
[18:26:41.245] [bmv2] [D] [thread 3058] Entry 13 added to table 'MyIngress.ipv4_lpm'
[18:26:41.245] [bmv2] [D] [thread 3058] Dumping entry 13
Match key:
* hdr.ipv4.dstAddr    : LPM       0a000204/32
* meta.output_tag_id  : EXACT     01
Action entry: MyIngress.ipv4_forward - 80000000200,2,

P4Runtime Write
device_id: 9
election_id {
  low: 1
}
updates {
  type: INSERT
  entity {
    table_entry {
      table_id: 33574068
      match {
        field_id: 2
        exact {
          value: "\000"
        }
      }
      match {
        field_id: 1
        lpm {
          value: "\n\000\002\005"
          prefix_len: 32
        }
      }
      action {
        action {
          action_id: 16799317
          params {
            param_id: 1
            value: "\010\000\000\000\002\000"
          }
          params {
            param_id: 2
            value: "\000\001"
          }
        }
      }
    }
  }
}
[18:26:41.247] [bmv2] [D] [thread 3058] Entry 14 added to table 'MyIngress.ipv4_lpm'
[18:26:41.247] [bmv2] [D] [thread 3058] Dumping entry 14
Match key:
* hdr.ipv4.dstAddr    : LPM       0a000205/32
* meta.output_tag_id  : EXACT     00
Action entry: MyIngress.ipv4_forward - 80000000200,1,

P4Runtime Write
device_id: 9
election_id {
  low: 1
}
updates {
  type: INSERT
  entity {
    table_entry {
      table_id: 33574068
      match {
        field_id: 2
        exact {
          value: "\001"
        }
      }
      match {
        field_id: 1
        lpm {
          value: "\n\000\002\005"
          prefix_len: 32
        }
      }
      action {
        action {
          action_id: 16799317
          params {
            param_id: 1
            value: "\010\000\000\000\002\000"
          }
          params {
            param_id: 2
            value: "\000\002"
          }
        }
      }
    }
  }
}
[18:26:41.249] [bmv2] [D] [thread 3058] Entry 15 added to table 'MyIngress.ipv4_lpm'
[18:26:41.249] [bmv2] [D] [thread 3058] Dumping entry 15
Match key:
* hdr.ipv4.dstAddr    : LPM       0a000205/32
* meta.output_tag_id  : EXACT     01
Action entry: MyIngress.ipv4_forward - 80000000200,2,

P4Runtime Write
device_id: 9
election_id {
  low: 1
}
updates {
  type: INSERT
  entity {
    table_entry {
      table_id: 33574068
      match {
        field_id: 2
        exact {
          value: "\000"
        }
      }
      match {
        field_id: 1
        lpm {
          value: "\n\000\003\001"
          prefix_len: 32
        }
      }
      action {
        action {
          action_id: 16799317
          params {
            param_id: 1
            value: "\010\000\000\000\003\000"
          }
          params {
            param_id: 2
            value: "\000\001"
          }
        }
      }
    }
  }
}
[18:26:41.252] [bmv2] [D] [thread 3058] Entry 16 added to table 'MyIngress.ipv4_lpm'
[18:26:41.252] [bmv2] [D] [thread 3058] Dumping entry 16
Match key:
* hdr.ipv4.dstAddr    : LPM       0a000301/32
* meta.output_tag_id  : EXACT     00
Action entry: MyIngress.ipv4_forward - 80000000300,1,

P4Runtime Write
device_id: 9
election_id {
  low: 1
}
updates {
  type: INSERT
  entity {
    table_entry {
      table_id: 33574068
      match {
        field_id: 2
        exact {
          value: "\001"
        }
      }
      match {
        field_id: 1
        lpm {
          value: "\n\000\003\001"
          prefix_len: 32
        }
      }
      action {
        action {
          action_id: 16799317
          params {
            param_id: 1
            value: "\010\000\000\000\003\000"
          }
          params {
            param_id: 2
            value: "\000\002"
          }
        }
      }
    }
  }
}
[18:26:41.253] [bmv2] [D] [thread 3058] Entry 17 added to table 'MyIngress.ipv4_lpm'
[18:26:41.253] [bmv2] [D] [thread 3058] Dumping entry 17
Match key:
* hdr.ipv4.dstAddr    : LPM       0a000301/32
* meta.output_tag_id  : EXACT     01
Action entry: MyIngress.ipv4_forward - 80000000300,2,

P4Runtime Write
device_id: 9
election_id {
  low: 1
}
updates {
  type: INSERT
  entity {
    table_entry {
      table_id: 33574068
      match {
        field_id: 2
        exact {
          value: "\000"
        }
      }
      match {
        field_id: 1
        lpm {
          value: "\n\000\003\002"
          prefix_len: 32
        }
      }
      action {
        action {
          action_id: 16799317
          params {
            param_id: 1
            value: "\010\000\000\000\003\000"
          }
          params {
            param_id: 2
            value: "\000\001"
          }
        }
      }
    }
  }
}
[18:26:41.255] [bmv2] [D] [thread 3058] Entry 18 added to table 'MyIngress.ipv4_lpm'
[18:26:41.255] [bmv2] [D] [thread 3058] Dumping entry 18
Match key:
* hdr.ipv4.dstAddr    : LPM       0a000302/32
* meta.output_tag_id  : EXACT     00
Action entry: MyIngress.ipv4_forward - 80000000300,1,

P4Runtime Write
device_id: 9
election_id {
  low: 1
}
updates {
  type: INSERT
  entity {
    table_entry {
      table_id: 33574068
      match {
        field_id: 2
        exact {
          value: "\001"
        }
      }
      match {
        field_id: 1
        lpm {
          value: "\n\000\003\002"
          prefix_len: 32
        }
      }
      action {
        action {
          action_id: 16799317
          params {
            param_id: 1
            value: "\010\000\000\000\003\000"
          }
          params {
            param_id: 2
            value: "\000\002"
          }
        }
      }
    }
  }
}
[18:26:41.257] [bmv2] [D] [thread 3058] Entry 19 added to table 'MyIngress.ipv4_lpm'
[18:26:41.257] [bmv2] [D] [thread 3058] Dumping entry 19
Match key:
* hdr.ipv4.dstAddr    : LPM       0a000302/32
* meta.output_tag_id  : EXACT     01
Action entry: MyIngress.ipv4_forward - 80000000300,2,

P4Runtime Write
device_id: 9
election_id {
  low: 1
}
updates {
  type: INSERT
  entity {
    table_entry {
      table_id: 33574068
      match {
        field_id: 2
        exact {
          value: "\000"
        }
      }
      match {
        field_id: 1
        lpm {
          value: "\n\000\003\003"
          prefix_len: 32
        }
      }
      action {
        action {
          action_id: 16799317
          params {
            param_id: 1
            value: "\010\000\000\000\003\000"
          }
          params {
            param_id: 2
            value: "\000\001"
          }
        }
      }
    }
  }
}
[18:26:41.259] [bmv2] [D] [thread 3058] Entry 20 added to table 'MyIngress.ipv4_lpm'
[18:26:41.259] [bmv2] [D] [thread 3058] Dumping entry 20
Match key:
* hdr.ipv4.dstAddr    : LPM       0a000303/32
* meta.output_tag_id  : EXACT     00
Action entry: MyIngress.ipv4_forward - 80000000300,1,

P4Runtime Write
device_id: 9
election_id {
  low: 1
}
updates {
  type: INSERT
  entity {
    table_entry {
      table_id: 33574068
      match {
        field_id: 2
        exact {
          value: "\001"
        }
      }
      match {
        field_id: 1
        lpm {
          value: "\n\000\003\003"
          prefix_len: 32
        }
      }
      action {
        action {
          action_id: 16799317
          params {
            param_id: 1
            value: "\010\000\000\000\003\000"
          }
          params {
            param_id: 2
            value: "\000\002"
          }
        }
      }
    }
  }
}
[18:26:41.260] [bmv2] [D] [thread 3058] Entry 21 added to table 'MyIngress.ipv4_lpm'
[18:26:41.260] [bmv2] [D] [thread 3058] Dumping entry 21
Match key:
* hdr.ipv4.dstAddr    : LPM       0a000303/32
* meta.output_tag_id  : EXACT     01
Action entry: MyIngress.ipv4_forward - 80000000300,2,

P4Runtime Write
device_id: 9
election_id {
  low: 1
}
updates {
  type: INSERT
  entity {
    table_entry {
      table_id: 33574068
      match {
        field_id: 2
        exact {
          value: "\000"
        }
      }
      match {
        field_id: 1
        lpm {
          value: "\n\000\003\004"
          prefix_len: 32
        }
      }
      action {
        action {
          action_id: 16799317
          params {
            param_id: 1
            value: "\010\000\000\000\003\000"
          }
          params {
            param_id: 2
            value: "\000\001"
          }
        }
      }
    }
  }
}
[18:26:41.262] [bmv2] [D] [thread 3058] Entry 22 added to table 'MyIngress.ipv4_lpm'
[18:26:41.262] [bmv2] [D] [thread 3058] Dumping entry 22
Match key:
* hdr.ipv4.dstAddr    : LPM       0a000304/32
* meta.output_tag_id  : EXACT     00
Action entry: MyIngress.ipv4_forward - 80000000300,1,

P4Runtime Write
device_id: 9
election_id {
  low: 1
}
updates {
  type: INSERT
  entity {
    table_entry {
      table_id: 33574068
      match {
        field_id: 2
        exact {
          value: "\001"
        }
      }
      match {
        field_id: 1
        lpm {
          value: "\n\000\003\004"
          prefix_len: 32
        }
      }
      action {
        action {
          action_id: 16799317
          params {
            param_id: 1
            value: "\010\000\000\000\003\000"
          }
          params {
            param_id: 2
            value: "\000\002"
          }
        }
      }
    }
  }
}
[18:26:41.268] [bmv2] [D] [thread 3058] Entry 23 added to table 'MyIngress.ipv4_lpm'
[18:26:41.268] [bmv2] [D] [thread 3058] Dumping entry 23
Match key:
* hdr.ipv4.dstAddr    : LPM       0a000304/32
* meta.output_tag_id  : EXACT     01
Action entry: MyIngress.ipv4_forward - 80000000300,2,

P4Runtime Write
device_id: 9
election_id {
  low: 1
}
updates {
  type: INSERT
  entity {
    table_entry {
      table_id: 33574068
      match {
        field_id: 2
        exact {
          value: "\002"
        }
      }
      match {
        field_id: 1
        lpm {
          value: "\n\000\004\001"
          prefix_len: 32
        }
      }
      action {
        action {
          action_id: 16799317
          params {
            param_id: 1
            value: "\010\000\000\000\004\001"
          }
          params {
            param_id: 2
            value: "\000\003"
          }
        }
      }
    }
  }
}
[18:26:41.270] [bmv2] [D] [thread 3058] Entry 24 added to table 'MyIngress.ipv4_lpm'
[18:26:41.270] [bmv2] [D] [thread 3058] Dumping entry 24
Match key:
* hdr.ipv4.dstAddr    : LPM       0a000401/32
* meta.output_tag_id  : EXACT     02
Action entry: MyIngress.ipv4_forward - 80000000401,3,

P4Runtime Write
device_id: 9
election_id {
  low: 1
}
updates {
  type: INSERT
  entity {
    table_entry {
      table_id: 33574068
      match {
        field_id: 2
        exact {
          value: "\002"
        }
      }
      match {
        field_id: 1
        lpm {
          value: "\n\000\004\002"
          prefix_len: 32
        }
      }
      action {
        action {
          action_id: 16799317
          params {
            param_id: 1
            value: "\010\000\000\000\004\002"
          }
          params {
            param_id: 2
            value: "\000\004"
          }
        }
      }
    }
  }
}
[18:26:41.272] [bmv2] [D] [thread 3058] Entry 25 added to table 'MyIngress.ipv4_lpm'
[18:26:41.272] [bmv2] [D] [thread 3058] Dumping entry 25
Match key:
* hdr.ipv4.dstAddr    : LPM       0a000402/32
* meta.output_tag_id  : EXACT     02
Action entry: MyIngress.ipv4_forward - 80000000402,4,

P4Runtime Write
device_id: 9
election_id {
  low: 1
}
updates {
  type: INSERT
  entity {
    table_entry {
      table_id: 33574068
      match {
        field_id: 2
        exact {
          value: "\002"
        }
      }
      match {
        field_id: 1
        lpm {
          value: "\n\000\004\003"
          prefix_len: 32
        }
      }
      action {
        action {
          action_id: 16799317
          params {
            param_id: 1
            value: "\010\000\000\000\004\003"
          }
          params {
            param_id: 2
            value: "\000\005"
          }
        }
      }
    }
  }
}
[18:26:41.274] [bmv2] [D] [thread 3058] Entry 26 added to table 'MyIngress.ipv4_lpm'
[18:26:41.274] [bmv2] [D] [thread 3058] Dumping entry 26
Match key:
* hdr.ipv4.dstAddr    : LPM       0a000403/32
* meta.output_tag_id  : EXACT     02
Action entry: MyIngress.ipv4_forward - 80000000403,5,

P4Runtime Write
device_id: 9
election_id {
  low: 1
}
updates {
  type: INSERT
  entity {
    table_entry {
      table_id: 33574068
      match {
        field_id: 2
        exact {
          value: "\002"
        }
      }
      match {
        field_id: 1
        lpm {
          value: "\n\000\004\004"
          prefix_len: 32
        }
      }
      action {
        action {
          action_id: 16799317
          params {
            param_id: 1
            value: "\010\000\000\000\004\004"
          }
          params {
            param_id: 2
            value: "\000\006"
          }
        }
      }
    }
  }
}
[18:26:41.276] [bmv2] [D] [thread 3058] Entry 27 added to table 'MyIngress.ipv4_lpm'
[18:26:41.276] [bmv2] [D] [thread 3058] Dumping entry 27
Match key:
* hdr.ipv4.dstAddr    : LPM       0a000404/32
* meta.output_tag_id  : EXACT     02
Action entry: MyIngress.ipv4_forward - 80000000404,6,

